<?xml version="1.0" encoding="UTF-8"?>
<testsuite name="com.jbettiol.ewddemotest.dropbox.DropboxIntTest" tests="18" skipped="0" failures="18" errors="0" timestamp="2019-02-17T03:38:55" hostname="WINDOWS-5PGF8ML" time="8.64">
  <properties/>
  <testcase name="listFolder_shouldTrowExceptionIfFolderNotExists" classname="com.jbettiol.ewddemotest.dropbox.DropboxIntTest" time="0.938">
    <failure message="com.jbettiol.ewddemo.dropbox.exception.DropboxException: Error creating folder with cause: {&quot;error_summary&quot;: &quot;invalid_access_token/...&quot;, &quot;error&quot;: {&quot;.tag&quot;: &quot;invalid_access_token&quot;}}" type="com.jbettiol.ewddemo.dropbox.exception.DropboxException">com.jbettiol.ewddemo.dropbox.exception.DropboxException: Error creating folder with cause: {&quot;error_summary&quot;: &quot;invalid_access_token/...&quot;, &quot;error&quot;: {&quot;.tag&quot;: &quot;invalid_access_token&quot;}}
	at com.jbettiol.ewddemo.dropbox.DropboxServiceImpl.handleDropboxAction(DropboxServiceImpl.java:107)
	at com.jbettiol.ewddemo.dropbox.DropboxServiceImpl.createFolder(DropboxServiceImpl.java:47)
	at com.jbettiol.ewddemotest.dropbox.DropboxIntTest.createTestFolder(DropboxIntTest.java:64)
	at java.base/jdk.internal.reflect.NativeMethodAccessorImpl.invoke0(Native Method)
	at java.base/jdk.internal.reflect.NativeMethodAccessorImpl.invoke(NativeMethodAccessorImpl.java:62)
	at java.base/jdk.internal.reflect.DelegatingMethodAccessorImpl.invoke(DelegatingMethodAccessorImpl.java:43)
	at java.base/java.lang.reflect.Method.invoke(Method.java:566)
	at org.junit.runners.model.FrameworkMethod$1.runReflectiveCall(FrameworkMethod.java:50)
	at org.junit.internal.runners.model.ReflectiveCallable.run(ReflectiveCallable.java:12)
	at org.junit.runners.model.FrameworkMethod.invokeExplosively(FrameworkMethod.java:47)
	at org.junit.internal.runners.statements.RunBefores.evaluate(RunBefores.java:24)
	at org.springframework.test.context.junit4.statements.RunBeforeTestMethodCallbacks.evaluate(RunBeforeTestMethodCallbacks.java:75)
	at org.junit.internal.runners.statements.RunAfters.evaluate(RunAfters.java:27)
	at org.springframework.test.context.junit4.statements.RunAfterTestMethodCallbacks.evaluate(RunAfterTestMethodCallbacks.java:86)
	at org.junit.rules.ExpectedException$ExpectedExceptionStatement.evaluate(ExpectedException.java:239)
	at org.junit.rules.ExternalResource$1.evaluate(ExternalResource.java:48)
	at org.junit.rules.RunRules.evaluate(RunRules.java:20)
	at org.springframework.test.context.junit4.statements.SpringRepeat.evaluate(SpringRepeat.java:84)
	at org.junit.runners.ParentRunner.runLeaf(ParentRunner.java:325)
	at org.springframework.test.context.junit4.SpringJUnit4ClassRunner.runChild(SpringJUnit4ClassRunner.java:251)
	at org.springframework.test.context.junit4.SpringJUnit4ClassRunner.runChild(SpringJUnit4ClassRunner.java:97)
	at org.junit.runners.ParentRunner$3.run(ParentRunner.java:290)
	at org.junit.runners.ParentRunner$1.schedule(ParentRunner.java:71)
	at org.junit.runners.ParentRunner.runChildren(ParentRunner.java:288)
	at org.junit.runners.ParentRunner.access$000(ParentRunner.java:58)
	at org.junit.runners.ParentRunner$2.evaluate(ParentRunner.java:268)
	at org.springframework.test.context.junit4.statements.RunBeforeTestClassCallbacks.evaluate(RunBeforeTestClassCallbacks.java:61)
	at org.springframework.test.context.junit4.statements.RunAfterTestClassCallbacks.evaluate(RunAfterTestClassCallbacks.java:70)
	at org.junit.runners.ParentRunner.run(ParentRunner.java:363)
	at org.springframework.test.context.junit4.SpringJUnit4ClassRunner.run(SpringJUnit4ClassRunner.java:190)
	at org.gradle.api.internal.tasks.testing.junit.JUnitTestClassExecutor.runTestClass(JUnitTestClassExecutor.java:106)
	at org.gradle.api.internal.tasks.testing.junit.JUnitTestClassExecutor.execute(JUnitTestClassExecutor.java:58)
	at org.gradle.api.internal.tasks.testing.junit.JUnitTestClassExecutor.execute(JUnitTestClassExecutor.java:38)
	at org.gradle.api.internal.tasks.testing.junit.AbstractJUnitTestClassProcessor.processTestClass(AbstractJUnitTestClassProcessor.java:66)
	at org.gradle.api.internal.tasks.testing.SuiteTestClassProcessor.processTestClass(SuiteTestClassProcessor.java:51)
	at java.base/jdk.internal.reflect.NativeMethodAccessorImpl.invoke0(Native Method)
	at java.base/jdk.internal.reflect.NativeMethodAccessorImpl.invoke(NativeMethodAccessorImpl.java:62)
	at java.base/jdk.internal.reflect.DelegatingMethodAccessorImpl.invoke(DelegatingMethodAccessorImpl.java:43)
	at java.base/java.lang.reflect.Method.invoke(Method.java:566)
	at org.gradle.internal.dispatch.ReflectionDispatch.dispatch(ReflectionDispatch.java:35)
	at org.gradle.internal.dispatch.ReflectionDispatch.dispatch(ReflectionDispatch.java:24)
	at org.gradle.internal.dispatch.ContextClassLoaderDispatch.dispatch(ContextClassLoaderDispatch.java:32)
	at org.gradle.internal.dispatch.ProxyDispatchAdapter$DispatchingInvocationHandler.invoke(ProxyDispatchAdapter.java:93)
	at com.sun.proxy.$Proxy1.processTestClass(Unknown Source)
	at org.gradle.api.internal.tasks.testing.worker.TestWorker.processTestClass(TestWorker.java:109)
	at java.base/jdk.internal.reflect.NativeMethodAccessorImpl.invoke0(Native Method)
	at java.base/jdk.internal.reflect.NativeMethodAccessorImpl.invoke(NativeMethodAccessorImpl.java:62)
	at java.base/jdk.internal.reflect.DelegatingMethodAccessorImpl.invoke(DelegatingMethodAccessorImpl.java:43)
	at java.base/java.lang.reflect.Method.invoke(Method.java:566)
	at org.gradle.internal.dispatch.ReflectionDispatch.dispatch(ReflectionDispatch.java:35)
	at org.gradle.internal.dispatch.ReflectionDispatch.dispatch(ReflectionDispatch.java:24)
	at org.gradle.internal.remote.internal.hub.MessageHubBackedObjectConnection$DispatchWrapper.dispatch(MessageHubBackedObjectConnection.java:155)
	at org.gradle.internal.remote.internal.hub.MessageHubBackedObjectConnection$DispatchWrapper.dispatch(MessageHubBackedObjectConnection.java:137)
	at org.gradle.internal.remote.internal.hub.MessageHub$Handler.run(MessageHub.java:404)
	at org.gradle.internal.concurrent.ExecutorPolicy$CatchAndRecordFailures.onExecute(ExecutorPolicy.java:63)
	at org.gradle.internal.concurrent.ManagedExecutorImpl$1.run(ManagedExecutorImpl.java:46)
	at java.base/java.util.concurrent.ThreadPoolExecutor.runWorker(ThreadPoolExecutor.java:1128)
	at java.base/java.util.concurrent.ThreadPoolExecutor$Worker.run(ThreadPoolExecutor.java:628)
	at org.gradle.internal.concurrent.ThreadFactoryImpl$ManagedThreadRunnable.run(ThreadFactoryImpl.java:55)
	at java.base/java.lang.Thread.run(Thread.java:834)
Caused by: com.dropbox.core.InvalidAccessTokenException: {&quot;error_summary&quot;: &quot;invalid_access_token/...&quot;, &quot;error&quot;: {&quot;.tag&quot;: &quot;invalid_access_token&quot;}}
	at com.dropbox.core.DbxRequestUtil.unexpectedStatus(DbxRequestUtil.java:321)
	at com.dropbox.core.v2.DbxRawClientV2$1.execute(DbxRawClientV2.java:129)
	at com.dropbox.core.v2.DbxRawClientV2.executeRetriable(DbxRawClientV2.java:300)
	at com.dropbox.core.v2.DbxRawClientV2.rpcStyle(DbxRawClientV2.java:116)
	at com.dropbox.core.v2.files.DbxUserFilesRequests.createFolderV2(DbxUserFilesRequests.java:773)
	at com.dropbox.core.v2.files.DbxUserFilesRequests.createFolderV2(DbxUserFilesRequests.java:800)
	at com.jbettiol.ewddemo.dropbox.DropboxServiceImpl.lambda$createFolder$2(DropboxServiceImpl.java:47)
	at com.jbettiol.ewddemo.dropbox.DropboxServiceImpl.handleDropboxAction(DropboxServiceImpl.java:104)
	... 59 more
</failure>
    <failure message="com.jbettiol.ewddemo.dropbox.exception.DropboxException: Error deleting folder: /Test Folder with cause: {&quot;error_summary&quot;: &quot;invalid_access_token/...&quot;, &quot;error&quot;: {&quot;.tag&quot;: &quot;invalid_access_token&quot;}}" type="com.jbettiol.ewddemo.dropbox.exception.DropboxException">com.jbettiol.ewddemo.dropbox.exception.DropboxException: Error deleting folder: /Test Folder with cause: {&quot;error_summary&quot;: &quot;invalid_access_token/...&quot;, &quot;error&quot;: {&quot;.tag&quot;: &quot;invalid_access_token&quot;}}
	at com.jbettiol.ewddemo.dropbox.DropboxServiceImpl.handleDropboxAction(DropboxServiceImpl.java:107)
	at com.jbettiol.ewddemo.dropbox.DropboxServiceImpl.deleteFolder(DropboxServiceImpl.java:83)
	at com.jbettiol.ewddemotest.dropbox.DropboxIntTest.deleteTestFolder(DropboxIntTest.java:74)
	at java.base/jdk.internal.reflect.NativeMethodAccessorImpl.invoke0(Native Method)
	at java.base/jdk.internal.reflect.NativeMethodAccessorImpl.invoke(NativeMethodAccessorImpl.java:62)
	at java.base/jdk.internal.reflect.DelegatingMethodAccessorImpl.invoke(DelegatingMethodAccessorImpl.java:43)
	at java.base/java.lang.reflect.Method.invoke(Method.java:566)
	at org.junit.runners.model.FrameworkMethod$1.runReflectiveCall(FrameworkMethod.java:50)
	at org.junit.internal.runners.model.ReflectiveCallable.run(ReflectiveCallable.java:12)
	at org.junit.runners.model.FrameworkMethod.invokeExplosively(FrameworkMethod.java:47)
	at org.junit.internal.runners.statements.RunAfters.evaluate(RunAfters.java:33)
	at org.springframework.test.context.junit4.statements.RunAfterTestMethodCallbacks.evaluate(RunAfterTestMethodCallbacks.java:86)
	at org.junit.rules.ExpectedException$ExpectedExceptionStatement.evaluate(ExpectedException.java:239)
	at org.junit.rules.ExternalResource$1.evaluate(ExternalResource.java:48)
	at org.junit.rules.RunRules.evaluate(RunRules.java:20)
	at org.springframework.test.context.junit4.statements.SpringRepeat.evaluate(SpringRepeat.java:84)
	at org.junit.runners.ParentRunner.runLeaf(ParentRunner.java:325)
	at org.springframework.test.context.junit4.SpringJUnit4ClassRunner.runChild(SpringJUnit4ClassRunner.java:251)
	at org.springframework.test.context.junit4.SpringJUnit4ClassRunner.runChild(SpringJUnit4ClassRunner.java:97)
	at org.junit.runners.ParentRunner$3.run(ParentRunner.java:290)
	at org.junit.runners.ParentRunner$1.schedule(ParentRunner.java:71)
	at org.junit.runners.ParentRunner.runChildren(ParentRunner.java:288)
	at org.junit.runners.ParentRunner.access$000(ParentRunner.java:58)
	at org.junit.runners.ParentRunner$2.evaluate(ParentRunner.java:268)
	at org.springframework.test.context.junit4.statements.RunBeforeTestClassCallbacks.evaluate(RunBeforeTestClassCallbacks.java:61)
	at org.springframework.test.context.junit4.statements.RunAfterTestClassCallbacks.evaluate(RunAfterTestClassCallbacks.java:70)
	at org.junit.runners.ParentRunner.run(ParentRunner.java:363)
	at org.springframework.test.context.junit4.SpringJUnit4ClassRunner.run(SpringJUnit4ClassRunner.java:190)
	at org.gradle.api.internal.tasks.testing.junit.JUnitTestClassExecutor.runTestClass(JUnitTestClassExecutor.java:106)
	at org.gradle.api.internal.tasks.testing.junit.JUnitTestClassExecutor.execute(JUnitTestClassExecutor.java:58)
	at org.gradle.api.internal.tasks.testing.junit.JUnitTestClassExecutor.execute(JUnitTestClassExecutor.java:38)
	at org.gradle.api.internal.tasks.testing.junit.AbstractJUnitTestClassProcessor.processTestClass(AbstractJUnitTestClassProcessor.java:66)
	at org.gradle.api.internal.tasks.testing.SuiteTestClassProcessor.processTestClass(SuiteTestClassProcessor.java:51)
	at java.base/jdk.internal.reflect.NativeMethodAccessorImpl.invoke0(Native Method)
	at java.base/jdk.internal.reflect.NativeMethodAccessorImpl.invoke(NativeMethodAccessorImpl.java:62)
	at java.base/jdk.internal.reflect.DelegatingMethodAccessorImpl.invoke(DelegatingMethodAccessorImpl.java:43)
	at java.base/java.lang.reflect.Method.invoke(Method.java:566)
	at org.gradle.internal.dispatch.ReflectionDispatch.dispatch(ReflectionDispatch.java:35)
	at org.gradle.internal.dispatch.ReflectionDispatch.dispatch(ReflectionDispatch.java:24)
	at org.gradle.internal.dispatch.ContextClassLoaderDispatch.dispatch(ContextClassLoaderDispatch.java:32)
	at org.gradle.internal.dispatch.ProxyDispatchAdapter$DispatchingInvocationHandler.invoke(ProxyDispatchAdapter.java:93)
	at com.sun.proxy.$Proxy1.processTestClass(Unknown Source)
	at org.gradle.api.internal.tasks.testing.worker.TestWorker.processTestClass(TestWorker.java:109)
	at java.base/jdk.internal.reflect.NativeMethodAccessorImpl.invoke0(Native Method)
	at java.base/jdk.internal.reflect.NativeMethodAccessorImpl.invoke(NativeMethodAccessorImpl.java:62)
	at java.base/jdk.internal.reflect.DelegatingMethodAccessorImpl.invoke(DelegatingMethodAccessorImpl.java:43)
	at java.base/java.lang.reflect.Method.invoke(Method.java:566)
	at org.gradle.internal.dispatch.ReflectionDispatch.dispatch(ReflectionDispatch.java:35)
	at org.gradle.internal.dispatch.ReflectionDispatch.dispatch(ReflectionDispatch.java:24)
	at org.gradle.internal.remote.internal.hub.MessageHubBackedObjectConnection$DispatchWrapper.dispatch(MessageHubBackedObjectConnection.java:155)
	at org.gradle.internal.remote.internal.hub.MessageHubBackedObjectConnection$DispatchWrapper.dispatch(MessageHubBackedObjectConnection.java:137)
	at org.gradle.internal.remote.internal.hub.MessageHub$Handler.run(MessageHub.java:404)
	at org.gradle.internal.concurrent.ExecutorPolicy$CatchAndRecordFailures.onExecute(ExecutorPolicy.java:63)
	at org.gradle.internal.concurrent.ManagedExecutorImpl$1.run(ManagedExecutorImpl.java:46)
	at java.base/java.util.concurrent.ThreadPoolExecutor.runWorker(ThreadPoolExecutor.java:1128)
	at java.base/java.util.concurrent.ThreadPoolExecutor$Worker.run(ThreadPoolExecutor.java:628)
	at org.gradle.internal.concurrent.ThreadFactoryImpl$ManagedThreadRunnable.run(ThreadFactoryImpl.java:55)
	at java.base/java.lang.Thread.run(Thread.java:834)
Caused by: com.dropbox.core.InvalidAccessTokenException: {&quot;error_summary&quot;: &quot;invalid_access_token/...&quot;, &quot;error&quot;: {&quot;.tag&quot;: &quot;invalid_access_token&quot;}}
	at com.dropbox.core.DbxRequestUtil.unexpectedStatus(DbxRequestUtil.java:321)
	at com.dropbox.core.v2.DbxRawClientV2$1.execute(DbxRawClientV2.java:129)
	at com.dropbox.core.v2.DbxRawClientV2.executeRetriable(DbxRawClientV2.java:300)
	at com.dropbox.core.v2.DbxRawClientV2.rpcStyle(DbxRawClientV2.java:116)
	at com.dropbox.core.v2.files.DbxUserFilesRequests.deleteV2(DbxUserFilesRequests.java:1016)
	at com.dropbox.core.v2.files.DbxUserFilesRequests.deleteV2(DbxUserFilesRequests.java:1045)
	at com.jbettiol.ewddemo.dropbox.DropboxServiceImpl.lambda$deleteFolder$5(DropboxServiceImpl.java:83)
	at com.jbettiol.ewddemo.dropbox.DropboxServiceImpl.handleDropboxAction(DropboxServiceImpl.java:104)
	... 57 more
</failure>
  </testcase>
  <testcase name="uploadFile_shouldReturnUploadedFileDetails" classname="com.jbettiol.ewddemotest.dropbox.DropboxIntTest" time="0.428">
    <failure message="com.jbettiol.ewddemo.dropbox.exception.DropboxException: Error creating folder with cause: {&quot;error_summary&quot;: &quot;invalid_access_token/.&quot;, &quot;error&quot;: {&quot;.tag&quot;: &quot;invalid_access_token&quot;}}" type="com.jbettiol.ewddemo.dropbox.exception.DropboxException">com.jbettiol.ewddemo.dropbox.exception.DropboxException: Error creating folder with cause: {&quot;error_summary&quot;: &quot;invalid_access_token/.&quot;, &quot;error&quot;: {&quot;.tag&quot;: &quot;invalid_access_token&quot;}}
	at com.jbettiol.ewddemo.dropbox.DropboxServiceImpl.handleDropboxAction(DropboxServiceImpl.java:107)
	at com.jbettiol.ewddemo.dropbox.DropboxServiceImpl.createFolder(DropboxServiceImpl.java:47)
	at com.jbettiol.ewddemotest.dropbox.DropboxIntTest.createTestFolder(DropboxIntTest.java:64)
	at java.base/jdk.internal.reflect.NativeMethodAccessorImpl.invoke0(Native Method)
	at java.base/jdk.internal.reflect.NativeMethodAccessorImpl.invoke(NativeMethodAccessorImpl.java:62)
	at java.base/jdk.internal.reflect.DelegatingMethodAccessorImpl.invoke(DelegatingMethodAccessorImpl.java:43)
	at java.base/java.lang.reflect.Method.invoke(Method.java:566)
	at org.junit.runners.model.FrameworkMethod$1.runReflectiveCall(FrameworkMethod.java:50)
	at org.junit.internal.runners.model.ReflectiveCallable.run(ReflectiveCallable.java:12)
	at org.junit.runners.model.FrameworkMethod.invokeExplosively(FrameworkMethod.java:47)
	at org.junit.internal.runners.statements.RunBefores.evaluate(RunBefores.java:24)
	at org.springframework.test.context.junit4.statements.RunBeforeTestMethodCallbacks.evaluate(RunBeforeTestMethodCallbacks.java:75)
	at org.junit.internal.runners.statements.RunAfters.evaluate(RunAfters.java:27)
	at org.springframework.test.context.junit4.statements.RunAfterTestMethodCallbacks.evaluate(RunAfterTestMethodCallbacks.java:86)
	at org.junit.rules.ExpectedException$ExpectedExceptionStatement.evaluate(ExpectedException.java:239)
	at org.junit.rules.ExternalResource$1.evaluate(ExternalResource.java:48)
	at org.junit.rules.RunRules.evaluate(RunRules.java:20)
	at org.springframework.test.context.junit4.statements.SpringRepeat.evaluate(SpringRepeat.java:84)
	at org.junit.runners.ParentRunner.runLeaf(ParentRunner.java:325)
	at org.springframework.test.context.junit4.SpringJUnit4ClassRunner.runChild(SpringJUnit4ClassRunner.java:251)
	at org.springframework.test.context.junit4.SpringJUnit4ClassRunner.runChild(SpringJUnit4ClassRunner.java:97)
	at org.junit.runners.ParentRunner$3.run(ParentRunner.java:290)
	at org.junit.runners.ParentRunner$1.schedule(ParentRunner.java:71)
	at org.junit.runners.ParentRunner.runChildren(ParentRunner.java:288)
	at org.junit.runners.ParentRunner.access$000(ParentRunner.java:58)
	at org.junit.runners.ParentRunner$2.evaluate(ParentRunner.java:268)
	at org.springframework.test.context.junit4.statements.RunBeforeTestClassCallbacks.evaluate(RunBeforeTestClassCallbacks.java:61)
	at org.springframework.test.context.junit4.statements.RunAfterTestClassCallbacks.evaluate(RunAfterTestClassCallbacks.java:70)
	at org.junit.runners.ParentRunner.run(ParentRunner.java:363)
	at org.springframework.test.context.junit4.SpringJUnit4ClassRunner.run(SpringJUnit4ClassRunner.java:190)
	at org.gradle.api.internal.tasks.testing.junit.JUnitTestClassExecutor.runTestClass(JUnitTestClassExecutor.java:106)
	at org.gradle.api.internal.tasks.testing.junit.JUnitTestClassExecutor.execute(JUnitTestClassExecutor.java:58)
	at org.gradle.api.internal.tasks.testing.junit.JUnitTestClassExecutor.execute(JUnitTestClassExecutor.java:38)
	at org.gradle.api.internal.tasks.testing.junit.AbstractJUnitTestClassProcessor.processTestClass(AbstractJUnitTestClassProcessor.java:66)
	at org.gradle.api.internal.tasks.testing.SuiteTestClassProcessor.processTestClass(SuiteTestClassProcessor.java:51)
	at java.base/jdk.internal.reflect.NativeMethodAccessorImpl.invoke0(Native Method)
	at java.base/jdk.internal.reflect.NativeMethodAccessorImpl.invoke(NativeMethodAccessorImpl.java:62)
	at java.base/jdk.internal.reflect.DelegatingMethodAccessorImpl.invoke(DelegatingMethodAccessorImpl.java:43)
	at java.base/java.lang.reflect.Method.invoke(Method.java:566)
	at org.gradle.internal.dispatch.ReflectionDispatch.dispatch(ReflectionDispatch.java:35)
	at org.gradle.internal.dispatch.ReflectionDispatch.dispatch(ReflectionDispatch.java:24)
	at org.gradle.internal.dispatch.ContextClassLoaderDispatch.dispatch(ContextClassLoaderDispatch.java:32)
	at org.gradle.internal.dispatch.ProxyDispatchAdapter$DispatchingInvocationHandler.invoke(ProxyDispatchAdapter.java:93)
	at com.sun.proxy.$Proxy1.processTestClass(Unknown Source)
	at org.gradle.api.internal.tasks.testing.worker.TestWorker.processTestClass(TestWorker.java:109)
	at java.base/jdk.internal.reflect.NativeMethodAccessorImpl.invoke0(Native Method)
	at java.base/jdk.internal.reflect.NativeMethodAccessorImpl.invoke(NativeMethodAccessorImpl.java:62)
	at java.base/jdk.internal.reflect.DelegatingMethodAccessorImpl.invoke(DelegatingMethodAccessorImpl.java:43)
	at java.base/java.lang.reflect.Method.invoke(Method.java:566)
	at org.gradle.internal.dispatch.ReflectionDispatch.dispatch(ReflectionDispatch.java:35)
	at org.gradle.internal.dispatch.ReflectionDispatch.dispatch(ReflectionDispatch.java:24)
	at org.gradle.internal.remote.internal.hub.MessageHubBackedObjectConnection$DispatchWrapper.dispatch(MessageHubBackedObjectConnection.java:155)
	at org.gradle.internal.remote.internal.hub.MessageHubBackedObjectConnection$DispatchWrapper.dispatch(MessageHubBackedObjectConnection.java:137)
	at org.gradle.internal.remote.internal.hub.MessageHub$Handler.run(MessageHub.java:404)
	at org.gradle.internal.concurrent.ExecutorPolicy$CatchAndRecordFailures.onExecute(ExecutorPolicy.java:63)
	at org.gradle.internal.concurrent.ManagedExecutorImpl$1.run(ManagedExecutorImpl.java:46)
	at java.base/java.util.concurrent.ThreadPoolExecutor.runWorker(ThreadPoolExecutor.java:1128)
	at java.base/java.util.concurrent.ThreadPoolExecutor$Worker.run(ThreadPoolExecutor.java:628)
	at org.gradle.internal.concurrent.ThreadFactoryImpl$ManagedThreadRunnable.run(ThreadFactoryImpl.java:55)
	at java.base/java.lang.Thread.run(Thread.java:834)
Caused by: com.dropbox.core.InvalidAccessTokenException: {&quot;error_summary&quot;: &quot;invalid_access_token/.&quot;, &quot;error&quot;: {&quot;.tag&quot;: &quot;invalid_access_token&quot;}}
	at com.dropbox.core.DbxRequestUtil.unexpectedStatus(DbxRequestUtil.java:321)
	at com.dropbox.core.v2.DbxRawClientV2$1.execute(DbxRawClientV2.java:129)
	at com.dropbox.core.v2.DbxRawClientV2.executeRetriable(DbxRawClientV2.java:300)
	at com.dropbox.core.v2.DbxRawClientV2.rpcStyle(DbxRawClientV2.java:116)
	at com.dropbox.core.v2.files.DbxUserFilesRequests.createFolderV2(DbxUserFilesRequests.java:773)
	at com.dropbox.core.v2.files.DbxUserFilesRequests.createFolderV2(DbxUserFilesRequests.java:800)
	at com.jbettiol.ewddemo.dropbox.DropboxServiceImpl.lambda$createFolder$2(DropboxServiceImpl.java:47)
	at com.jbettiol.ewddemo.dropbox.DropboxServiceImpl.handleDropboxAction(DropboxServiceImpl.java:104)
	... 59 more
</failure>
    <failure message="com.jbettiol.ewddemo.dropbox.exception.DropboxException: Error deleting folder: /Test Folder with cause: {&quot;error_summary&quot;: &quot;invalid_access_token/..&quot;, &quot;error&quot;: {&quot;.tag&quot;: &quot;invalid_access_token&quot;}}" type="com.jbettiol.ewddemo.dropbox.exception.DropboxException">com.jbettiol.ewddemo.dropbox.exception.DropboxException: Error deleting folder: /Test Folder with cause: {&quot;error_summary&quot;: &quot;invalid_access_token/..&quot;, &quot;error&quot;: {&quot;.tag&quot;: &quot;invalid_access_token&quot;}}
	at com.jbettiol.ewddemo.dropbox.DropboxServiceImpl.handleDropboxAction(DropboxServiceImpl.java:107)
	at com.jbettiol.ewddemo.dropbox.DropboxServiceImpl.deleteFolder(DropboxServiceImpl.java:83)
	at com.jbettiol.ewddemotest.dropbox.DropboxIntTest.deleteTestFolder(DropboxIntTest.java:74)
	at java.base/jdk.internal.reflect.NativeMethodAccessorImpl.invoke0(Native Method)
	at java.base/jdk.internal.reflect.NativeMethodAccessorImpl.invoke(NativeMethodAccessorImpl.java:62)
	at java.base/jdk.internal.reflect.DelegatingMethodAccessorImpl.invoke(DelegatingMethodAccessorImpl.java:43)
	at java.base/java.lang.reflect.Method.invoke(Method.java:566)
	at org.junit.runners.model.FrameworkMethod$1.runReflectiveCall(FrameworkMethod.java:50)
	at org.junit.internal.runners.model.ReflectiveCallable.run(ReflectiveCallable.java:12)
	at org.junit.runners.model.FrameworkMethod.invokeExplosively(FrameworkMethod.java:47)
	at org.junit.internal.runners.statements.RunAfters.evaluate(RunAfters.java:33)
	at org.springframework.test.context.junit4.statements.RunAfterTestMethodCallbacks.evaluate(RunAfterTestMethodCallbacks.java:86)
	at org.junit.rules.ExpectedException$ExpectedExceptionStatement.evaluate(ExpectedException.java:239)
	at org.junit.rules.ExternalResource$1.evaluate(ExternalResource.java:48)
	at org.junit.rules.RunRules.evaluate(RunRules.java:20)
	at org.springframework.test.context.junit4.statements.SpringRepeat.evaluate(SpringRepeat.java:84)
	at org.junit.runners.ParentRunner.runLeaf(ParentRunner.java:325)
	at org.springframework.test.context.junit4.SpringJUnit4ClassRunner.runChild(SpringJUnit4ClassRunner.java:251)
	at org.springframework.test.context.junit4.SpringJUnit4ClassRunner.runChild(SpringJUnit4ClassRunner.java:97)
	at org.junit.runners.ParentRunner$3.run(ParentRunner.java:290)
	at org.junit.runners.ParentRunner$1.schedule(ParentRunner.java:71)
	at org.junit.runners.ParentRunner.runChildren(ParentRunner.java:288)
	at org.junit.runners.ParentRunner.access$000(ParentRunner.java:58)
	at org.junit.runners.ParentRunner$2.evaluate(ParentRunner.java:268)
	at org.springframework.test.context.junit4.statements.RunBeforeTestClassCallbacks.evaluate(RunBeforeTestClassCallbacks.java:61)
	at org.springframework.test.context.junit4.statements.RunAfterTestClassCallbacks.evaluate(RunAfterTestClassCallbacks.java:70)
	at org.junit.runners.ParentRunner.run(ParentRunner.java:363)
	at org.springframework.test.context.junit4.SpringJUnit4ClassRunner.run(SpringJUnit4ClassRunner.java:190)
	at org.gradle.api.internal.tasks.testing.junit.JUnitTestClassExecutor.runTestClass(JUnitTestClassExecutor.java:106)
	at org.gradle.api.internal.tasks.testing.junit.JUnitTestClassExecutor.execute(JUnitTestClassExecutor.java:58)
	at org.gradle.api.internal.tasks.testing.junit.JUnitTestClassExecutor.execute(JUnitTestClassExecutor.java:38)
	at org.gradle.api.internal.tasks.testing.junit.AbstractJUnitTestClassProcessor.processTestClass(AbstractJUnitTestClassProcessor.java:66)
	at org.gradle.api.internal.tasks.testing.SuiteTestClassProcessor.processTestClass(SuiteTestClassProcessor.java:51)
	at java.base/jdk.internal.reflect.NativeMethodAccessorImpl.invoke0(Native Method)
	at java.base/jdk.internal.reflect.NativeMethodAccessorImpl.invoke(NativeMethodAccessorImpl.java:62)
	at java.base/jdk.internal.reflect.DelegatingMethodAccessorImpl.invoke(DelegatingMethodAccessorImpl.java:43)
	at java.base/java.lang.reflect.Method.invoke(Method.java:566)
	at org.gradle.internal.dispatch.ReflectionDispatch.dispatch(ReflectionDispatch.java:35)
	at org.gradle.internal.dispatch.ReflectionDispatch.dispatch(ReflectionDispatch.java:24)
	at org.gradle.internal.dispatch.ContextClassLoaderDispatch.dispatch(ContextClassLoaderDispatch.java:32)
	at org.gradle.internal.dispatch.ProxyDispatchAdapter$DispatchingInvocationHandler.invoke(ProxyDispatchAdapter.java:93)
	at com.sun.proxy.$Proxy1.processTestClass(Unknown Source)
	at org.gradle.api.internal.tasks.testing.worker.TestWorker.processTestClass(TestWorker.java:109)
	at java.base/jdk.internal.reflect.NativeMethodAccessorImpl.invoke0(Native Method)
	at java.base/jdk.internal.reflect.NativeMethodAccessorImpl.invoke(NativeMethodAccessorImpl.java:62)
	at java.base/jdk.internal.reflect.DelegatingMethodAccessorImpl.invoke(DelegatingMethodAccessorImpl.java:43)
	at java.base/java.lang.reflect.Method.invoke(Method.java:566)
	at org.gradle.internal.dispatch.ReflectionDispatch.dispatch(ReflectionDispatch.java:35)
	at org.gradle.internal.dispatch.ReflectionDispatch.dispatch(ReflectionDispatch.java:24)
	at org.gradle.internal.remote.internal.hub.MessageHubBackedObjectConnection$DispatchWrapper.dispatch(MessageHubBackedObjectConnection.java:155)
	at org.gradle.internal.remote.internal.hub.MessageHubBackedObjectConnection$DispatchWrapper.dispatch(MessageHubBackedObjectConnection.java:137)
	at org.gradle.internal.remote.internal.hub.MessageHub$Handler.run(MessageHub.java:404)
	at org.gradle.internal.concurrent.ExecutorPolicy$CatchAndRecordFailures.onExecute(ExecutorPolicy.java:63)
	at org.gradle.internal.concurrent.ManagedExecutorImpl$1.run(ManagedExecutorImpl.java:46)
	at java.base/java.util.concurrent.ThreadPoolExecutor.runWorker(ThreadPoolExecutor.java:1128)
	at java.base/java.util.concurrent.ThreadPoolExecutor$Worker.run(ThreadPoolExecutor.java:628)
	at org.gradle.internal.concurrent.ThreadFactoryImpl$ManagedThreadRunnable.run(ThreadFactoryImpl.java:55)
	at java.base/java.lang.Thread.run(Thread.java:834)
Caused by: com.dropbox.core.InvalidAccessTokenException: {&quot;error_summary&quot;: &quot;invalid_access_token/..&quot;, &quot;error&quot;: {&quot;.tag&quot;: &quot;invalid_access_token&quot;}}
	at com.dropbox.core.DbxRequestUtil.unexpectedStatus(DbxRequestUtil.java:321)
	at com.dropbox.core.v2.DbxRawClientV2$1.execute(DbxRawClientV2.java:129)
	at com.dropbox.core.v2.DbxRawClientV2.executeRetriable(DbxRawClientV2.java:300)
	at com.dropbox.core.v2.DbxRawClientV2.rpcStyle(DbxRawClientV2.java:116)
	at com.dropbox.core.v2.files.DbxUserFilesRequests.deleteV2(DbxUserFilesRequests.java:1016)
	at com.dropbox.core.v2.files.DbxUserFilesRequests.deleteV2(DbxUserFilesRequests.java:1045)
	at com.jbettiol.ewddemo.dropbox.DropboxServiceImpl.lambda$deleteFolder$5(DropboxServiceImpl.java:83)
	at com.jbettiol.ewddemo.dropbox.DropboxServiceImpl.handleDropboxAction(DropboxServiceImpl.java:104)
	... 57 more
</failure>
  </testcase>
  <testcase name="downloadFile_shouldReturnNotEmptyInputStream" classname="com.jbettiol.ewddemotest.dropbox.DropboxIntTest" time="0.412">
    <failure message="com.jbettiol.ewddemo.dropbox.exception.DropboxException: Error creating folder with cause: {&quot;error_summary&quot;: &quot;invalid_access_token/...&quot;, &quot;error&quot;: {&quot;.tag&quot;: &quot;invalid_access_token&quot;}}" type="com.jbettiol.ewddemo.dropbox.exception.DropboxException">com.jbettiol.ewddemo.dropbox.exception.DropboxException: Error creating folder with cause: {&quot;error_summary&quot;: &quot;invalid_access_token/...&quot;, &quot;error&quot;: {&quot;.tag&quot;: &quot;invalid_access_token&quot;}}
	at com.jbettiol.ewddemo.dropbox.DropboxServiceImpl.handleDropboxAction(DropboxServiceImpl.java:107)
	at com.jbettiol.ewddemo.dropbox.DropboxServiceImpl.createFolder(DropboxServiceImpl.java:47)
	at com.jbettiol.ewddemotest.dropbox.DropboxIntTest.createTestFolder(DropboxIntTest.java:64)
	at java.base/jdk.internal.reflect.NativeMethodAccessorImpl.invoke0(Native Method)
	at java.base/jdk.internal.reflect.NativeMethodAccessorImpl.invoke(NativeMethodAccessorImpl.java:62)
	at java.base/jdk.internal.reflect.DelegatingMethodAccessorImpl.invoke(DelegatingMethodAccessorImpl.java:43)
	at java.base/java.lang.reflect.Method.invoke(Method.java:566)
	at org.junit.runners.model.FrameworkMethod$1.runReflectiveCall(FrameworkMethod.java:50)
	at org.junit.internal.runners.model.ReflectiveCallable.run(ReflectiveCallable.java:12)
	at org.junit.runners.model.FrameworkMethod.invokeExplosively(FrameworkMethod.java:47)
	at org.junit.internal.runners.statements.RunBefores.evaluate(RunBefores.java:24)
	at org.springframework.test.context.junit4.statements.RunBeforeTestMethodCallbacks.evaluate(RunBeforeTestMethodCallbacks.java:75)
	at org.junit.internal.runners.statements.RunAfters.evaluate(RunAfters.java:27)
	at org.springframework.test.context.junit4.statements.RunAfterTestMethodCallbacks.evaluate(RunAfterTestMethodCallbacks.java:86)
	at org.junit.rules.ExpectedException$ExpectedExceptionStatement.evaluate(ExpectedException.java:239)
	at org.junit.rules.ExternalResource$1.evaluate(ExternalResource.java:48)
	at org.junit.rules.RunRules.evaluate(RunRules.java:20)
	at org.springframework.test.context.junit4.statements.SpringRepeat.evaluate(SpringRepeat.java:84)
	at org.junit.runners.ParentRunner.runLeaf(ParentRunner.java:325)
	at org.springframework.test.context.junit4.SpringJUnit4ClassRunner.runChild(SpringJUnit4ClassRunner.java:251)
	at org.springframework.test.context.junit4.SpringJUnit4ClassRunner.runChild(SpringJUnit4ClassRunner.java:97)
	at org.junit.runners.ParentRunner$3.run(ParentRunner.java:290)
	at org.junit.runners.ParentRunner$1.schedule(ParentRunner.java:71)
	at org.junit.runners.ParentRunner.runChildren(ParentRunner.java:288)
	at org.junit.runners.ParentRunner.access$000(ParentRunner.java:58)
	at org.junit.runners.ParentRunner$2.evaluate(ParentRunner.java:268)
	at org.springframework.test.context.junit4.statements.RunBeforeTestClassCallbacks.evaluate(RunBeforeTestClassCallbacks.java:61)
	at org.springframework.test.context.junit4.statements.RunAfterTestClassCallbacks.evaluate(RunAfterTestClassCallbacks.java:70)
	at org.junit.runners.ParentRunner.run(ParentRunner.java:363)
	at org.springframework.test.context.junit4.SpringJUnit4ClassRunner.run(SpringJUnit4ClassRunner.java:190)
	at org.gradle.api.internal.tasks.testing.junit.JUnitTestClassExecutor.runTestClass(JUnitTestClassExecutor.java:106)
	at org.gradle.api.internal.tasks.testing.junit.JUnitTestClassExecutor.execute(JUnitTestClassExecutor.java:58)
	at org.gradle.api.internal.tasks.testing.junit.JUnitTestClassExecutor.execute(JUnitTestClassExecutor.java:38)
	at org.gradle.api.internal.tasks.testing.junit.AbstractJUnitTestClassProcessor.processTestClass(AbstractJUnitTestClassProcessor.java:66)
	at org.gradle.api.internal.tasks.testing.SuiteTestClassProcessor.processTestClass(SuiteTestClassProcessor.java:51)
	at java.base/jdk.internal.reflect.NativeMethodAccessorImpl.invoke0(Native Method)
	at java.base/jdk.internal.reflect.NativeMethodAccessorImpl.invoke(NativeMethodAccessorImpl.java:62)
	at java.base/jdk.internal.reflect.DelegatingMethodAccessorImpl.invoke(DelegatingMethodAccessorImpl.java:43)
	at java.base/java.lang.reflect.Method.invoke(Method.java:566)
	at org.gradle.internal.dispatch.ReflectionDispatch.dispatch(ReflectionDispatch.java:35)
	at org.gradle.internal.dispatch.ReflectionDispatch.dispatch(ReflectionDispatch.java:24)
	at org.gradle.internal.dispatch.ContextClassLoaderDispatch.dispatch(ContextClassLoaderDispatch.java:32)
	at org.gradle.internal.dispatch.ProxyDispatchAdapter$DispatchingInvocationHandler.invoke(ProxyDispatchAdapter.java:93)
	at com.sun.proxy.$Proxy1.processTestClass(Unknown Source)
	at org.gradle.api.internal.tasks.testing.worker.TestWorker.processTestClass(TestWorker.java:109)
	at java.base/jdk.internal.reflect.NativeMethodAccessorImpl.invoke0(Native Method)
	at java.base/jdk.internal.reflect.NativeMethodAccessorImpl.invoke(NativeMethodAccessorImpl.java:62)
	at java.base/jdk.internal.reflect.DelegatingMethodAccessorImpl.invoke(DelegatingMethodAccessorImpl.java:43)
	at java.base/java.lang.reflect.Method.invoke(Method.java:566)
	at org.gradle.internal.dispatch.ReflectionDispatch.dispatch(ReflectionDispatch.java:35)
	at org.gradle.internal.dispatch.ReflectionDispatch.dispatch(ReflectionDispatch.java:24)
	at org.gradle.internal.remote.internal.hub.MessageHubBackedObjectConnection$DispatchWrapper.dispatch(MessageHubBackedObjectConnection.java:155)
	at org.gradle.internal.remote.internal.hub.MessageHubBackedObjectConnection$DispatchWrapper.dispatch(MessageHubBackedObjectConnection.java:137)
	at org.gradle.internal.remote.internal.hub.MessageHub$Handler.run(MessageHub.java:404)
	at org.gradle.internal.concurrent.ExecutorPolicy$CatchAndRecordFailures.onExecute(ExecutorPolicy.java:63)
	at org.gradle.internal.concurrent.ManagedExecutorImpl$1.run(ManagedExecutorImpl.java:46)
	at java.base/java.util.concurrent.ThreadPoolExecutor.runWorker(ThreadPoolExecutor.java:1128)
	at java.base/java.util.concurrent.ThreadPoolExecutor$Worker.run(ThreadPoolExecutor.java:628)
	at org.gradle.internal.concurrent.ThreadFactoryImpl$ManagedThreadRunnable.run(ThreadFactoryImpl.java:55)
	at java.base/java.lang.Thread.run(Thread.java:834)
Caused by: com.dropbox.core.InvalidAccessTokenException: {&quot;error_summary&quot;: &quot;invalid_access_token/...&quot;, &quot;error&quot;: {&quot;.tag&quot;: &quot;invalid_access_token&quot;}}
	at com.dropbox.core.DbxRequestUtil.unexpectedStatus(DbxRequestUtil.java:321)
	at com.dropbox.core.v2.DbxRawClientV2$1.execute(DbxRawClientV2.java:129)
	at com.dropbox.core.v2.DbxRawClientV2.executeRetriable(DbxRawClientV2.java:300)
	at com.dropbox.core.v2.DbxRawClientV2.rpcStyle(DbxRawClientV2.java:116)
	at com.dropbox.core.v2.files.DbxUserFilesRequests.createFolderV2(DbxUserFilesRequests.java:773)
	at com.dropbox.core.v2.files.DbxUserFilesRequests.createFolderV2(DbxUserFilesRequests.java:800)
	at com.jbettiol.ewddemo.dropbox.DropboxServiceImpl.lambda$createFolder$2(DropboxServiceImpl.java:47)
	at com.jbettiol.ewddemo.dropbox.DropboxServiceImpl.handleDropboxAction(DropboxServiceImpl.java:104)
	... 59 more
</failure>
    <failure message="com.jbettiol.ewddemo.dropbox.exception.DropboxException: Error deleting folder: /Test Folder with cause: {&quot;error_summary&quot;: &quot;invalid_access_token/&quot;, &quot;error&quot;: {&quot;.tag&quot;: &quot;invalid_access_token&quot;}}" type="com.jbettiol.ewddemo.dropbox.exception.DropboxException">com.jbettiol.ewddemo.dropbox.exception.DropboxException: Error deleting folder: /Test Folder with cause: {&quot;error_summary&quot;: &quot;invalid_access_token/&quot;, &quot;error&quot;: {&quot;.tag&quot;: &quot;invalid_access_token&quot;}}
	at com.jbettiol.ewddemo.dropbox.DropboxServiceImpl.handleDropboxAction(DropboxServiceImpl.java:107)
	at com.jbettiol.ewddemo.dropbox.DropboxServiceImpl.deleteFolder(DropboxServiceImpl.java:83)
	at com.jbettiol.ewddemotest.dropbox.DropboxIntTest.deleteTestFolder(DropboxIntTest.java:74)
	at java.base/jdk.internal.reflect.NativeMethodAccessorImpl.invoke0(Native Method)
	at java.base/jdk.internal.reflect.NativeMethodAccessorImpl.invoke(NativeMethodAccessorImpl.java:62)
	at java.base/jdk.internal.reflect.DelegatingMethodAccessorImpl.invoke(DelegatingMethodAccessorImpl.java:43)
	at java.base/java.lang.reflect.Method.invoke(Method.java:566)
	at org.junit.runners.model.FrameworkMethod$1.runReflectiveCall(FrameworkMethod.java:50)
	at org.junit.internal.runners.model.ReflectiveCallable.run(ReflectiveCallable.java:12)
	at org.junit.runners.model.FrameworkMethod.invokeExplosively(FrameworkMethod.java:47)
	at org.junit.internal.runners.statements.RunAfters.evaluate(RunAfters.java:33)
	at org.springframework.test.context.junit4.statements.RunAfterTestMethodCallbacks.evaluate(RunAfterTestMethodCallbacks.java:86)
	at org.junit.rules.ExpectedException$ExpectedExceptionStatement.evaluate(ExpectedException.java:239)
	at org.junit.rules.ExternalResource$1.evaluate(ExternalResource.java:48)
	at org.junit.rules.RunRules.evaluate(RunRules.java:20)
	at org.springframework.test.context.junit4.statements.SpringRepeat.evaluate(SpringRepeat.java:84)
	at org.junit.runners.ParentRunner.runLeaf(ParentRunner.java:325)
	at org.springframework.test.context.junit4.SpringJUnit4ClassRunner.runChild(SpringJUnit4ClassRunner.java:251)
	at org.springframework.test.context.junit4.SpringJUnit4ClassRunner.runChild(SpringJUnit4ClassRunner.java:97)
	at org.junit.runners.ParentRunner$3.run(ParentRunner.java:290)
	at org.junit.runners.ParentRunner$1.schedule(ParentRunner.java:71)
	at org.junit.runners.ParentRunner.runChildren(ParentRunner.java:288)
	at org.junit.runners.ParentRunner.access$000(ParentRunner.java:58)
	at org.junit.runners.ParentRunner$2.evaluate(ParentRunner.java:268)
	at org.springframework.test.context.junit4.statements.RunBeforeTestClassCallbacks.evaluate(RunBeforeTestClassCallbacks.java:61)
	at org.springframework.test.context.junit4.statements.RunAfterTestClassCallbacks.evaluate(RunAfterTestClassCallbacks.java:70)
	at org.junit.runners.ParentRunner.run(ParentRunner.java:363)
	at org.springframework.test.context.junit4.SpringJUnit4ClassRunner.run(SpringJUnit4ClassRunner.java:190)
	at org.gradle.api.internal.tasks.testing.junit.JUnitTestClassExecutor.runTestClass(JUnitTestClassExecutor.java:106)
	at org.gradle.api.internal.tasks.testing.junit.JUnitTestClassExecutor.execute(JUnitTestClassExecutor.java:58)
	at org.gradle.api.internal.tasks.testing.junit.JUnitTestClassExecutor.execute(JUnitTestClassExecutor.java:38)
	at org.gradle.api.internal.tasks.testing.junit.AbstractJUnitTestClassProcessor.processTestClass(AbstractJUnitTestClassProcessor.java:66)
	at org.gradle.api.internal.tasks.testing.SuiteTestClassProcessor.processTestClass(SuiteTestClassProcessor.java:51)
	at java.base/jdk.internal.reflect.NativeMethodAccessorImpl.invoke0(Native Method)
	at java.base/jdk.internal.reflect.NativeMethodAccessorImpl.invoke(NativeMethodAccessorImpl.java:62)
	at java.base/jdk.internal.reflect.DelegatingMethodAccessorImpl.invoke(DelegatingMethodAccessorImpl.java:43)
	at java.base/java.lang.reflect.Method.invoke(Method.java:566)
	at org.gradle.internal.dispatch.ReflectionDispatch.dispatch(ReflectionDispatch.java:35)
	at org.gradle.internal.dispatch.ReflectionDispatch.dispatch(ReflectionDispatch.java:24)
	at org.gradle.internal.dispatch.ContextClassLoaderDispatch.dispatch(ContextClassLoaderDispatch.java:32)
	at org.gradle.internal.dispatch.ProxyDispatchAdapter$DispatchingInvocationHandler.invoke(ProxyDispatchAdapter.java:93)
	at com.sun.proxy.$Proxy1.processTestClass(Unknown Source)
	at org.gradle.api.internal.tasks.testing.worker.TestWorker.processTestClass(TestWorker.java:109)
	at java.base/jdk.internal.reflect.NativeMethodAccessorImpl.invoke0(Native Method)
	at java.base/jdk.internal.reflect.NativeMethodAccessorImpl.invoke(NativeMethodAccessorImpl.java:62)
	at java.base/jdk.internal.reflect.DelegatingMethodAccessorImpl.invoke(DelegatingMethodAccessorImpl.java:43)
	at java.base/java.lang.reflect.Method.invoke(Method.java:566)
	at org.gradle.internal.dispatch.ReflectionDispatch.dispatch(ReflectionDispatch.java:35)
	at org.gradle.internal.dispatch.ReflectionDispatch.dispatch(ReflectionDispatch.java:24)
	at org.gradle.internal.remote.internal.hub.MessageHubBackedObjectConnection$DispatchWrapper.dispatch(MessageHubBackedObjectConnection.java:155)
	at org.gradle.internal.remote.internal.hub.MessageHubBackedObjectConnection$DispatchWrapper.dispatch(MessageHubBackedObjectConnection.java:137)
	at org.gradle.internal.remote.internal.hub.MessageHub$Handler.run(MessageHub.java:404)
	at org.gradle.internal.concurrent.ExecutorPolicy$CatchAndRecordFailures.onExecute(ExecutorPolicy.java:63)
	at org.gradle.internal.concurrent.ManagedExecutorImpl$1.run(ManagedExecutorImpl.java:46)
	at java.base/java.util.concurrent.ThreadPoolExecutor.runWorker(ThreadPoolExecutor.java:1128)
	at java.base/java.util.concurrent.ThreadPoolExecutor$Worker.run(ThreadPoolExecutor.java:628)
	at org.gradle.internal.concurrent.ThreadFactoryImpl$ManagedThreadRunnable.run(ThreadFactoryImpl.java:55)
	at java.base/java.lang.Thread.run(Thread.java:834)
Caused by: com.dropbox.core.InvalidAccessTokenException: {&quot;error_summary&quot;: &quot;invalid_access_token/&quot;, &quot;error&quot;: {&quot;.tag&quot;: &quot;invalid_access_token&quot;}}
	at com.dropbox.core.DbxRequestUtil.unexpectedStatus(DbxRequestUtil.java:321)
	at com.dropbox.core.v2.DbxRawClientV2$1.execute(DbxRawClientV2.java:129)
	at com.dropbox.core.v2.DbxRawClientV2.executeRetriable(DbxRawClientV2.java:300)
	at com.dropbox.core.v2.DbxRawClientV2.rpcStyle(DbxRawClientV2.java:116)
	at com.dropbox.core.v2.files.DbxUserFilesRequests.deleteV2(DbxUserFilesRequests.java:1016)
	at com.dropbox.core.v2.files.DbxUserFilesRequests.deleteV2(DbxUserFilesRequests.java:1045)
	at com.jbettiol.ewddemo.dropbox.DropboxServiceImpl.lambda$deleteFolder$5(DropboxServiceImpl.java:83)
	at com.jbettiol.ewddemo.dropbox.DropboxServiceImpl.handleDropboxAction(DropboxServiceImpl.java:104)
	... 57 more
</failure>
  </testcase>
  <testcase name="deleteFile_shouldDeleteFile" classname="com.jbettiol.ewddemotest.dropbox.DropboxIntTest" time="0.419">
    <failure message="com.jbettiol.ewddemo.dropbox.exception.DropboxException: Error creating folder with cause: {&quot;error_summary&quot;: &quot;invalid_access_token/.&quot;, &quot;error&quot;: {&quot;.tag&quot;: &quot;invalid_access_token&quot;}}" type="com.jbettiol.ewddemo.dropbox.exception.DropboxException">com.jbettiol.ewddemo.dropbox.exception.DropboxException: Error creating folder with cause: {&quot;error_summary&quot;: &quot;invalid_access_token/.&quot;, &quot;error&quot;: {&quot;.tag&quot;: &quot;invalid_access_token&quot;}}
	at com.jbettiol.ewddemo.dropbox.DropboxServiceImpl.handleDropboxAction(DropboxServiceImpl.java:107)
	at com.jbettiol.ewddemo.dropbox.DropboxServiceImpl.createFolder(DropboxServiceImpl.java:47)
	at com.jbettiol.ewddemotest.dropbox.DropboxIntTest.createTestFolder(DropboxIntTest.java:64)
	at java.base/jdk.internal.reflect.NativeMethodAccessorImpl.invoke0(Native Method)
	at java.base/jdk.internal.reflect.NativeMethodAccessorImpl.invoke(NativeMethodAccessorImpl.java:62)
	at java.base/jdk.internal.reflect.DelegatingMethodAccessorImpl.invoke(DelegatingMethodAccessorImpl.java:43)
	at java.base/java.lang.reflect.Method.invoke(Method.java:566)
	at org.junit.runners.model.FrameworkMethod$1.runReflectiveCall(FrameworkMethod.java:50)
	at org.junit.internal.runners.model.ReflectiveCallable.run(ReflectiveCallable.java:12)
	at org.junit.runners.model.FrameworkMethod.invokeExplosively(FrameworkMethod.java:47)
	at org.junit.internal.runners.statements.RunBefores.evaluate(RunBefores.java:24)
	at org.springframework.test.context.junit4.statements.RunBeforeTestMethodCallbacks.evaluate(RunBeforeTestMethodCallbacks.java:75)
	at org.junit.internal.runners.statements.RunAfters.evaluate(RunAfters.java:27)
	at org.springframework.test.context.junit4.statements.RunAfterTestMethodCallbacks.evaluate(RunAfterTestMethodCallbacks.java:86)
	at org.junit.rules.ExpectedException$ExpectedExceptionStatement.evaluate(ExpectedException.java:239)
	at org.junit.rules.ExternalResource$1.evaluate(ExternalResource.java:48)
	at org.junit.rules.RunRules.evaluate(RunRules.java:20)
	at org.springframework.test.context.junit4.statements.SpringRepeat.evaluate(SpringRepeat.java:84)
	at org.junit.runners.ParentRunner.runLeaf(ParentRunner.java:325)
	at org.springframework.test.context.junit4.SpringJUnit4ClassRunner.runChild(SpringJUnit4ClassRunner.java:251)
	at org.springframework.test.context.junit4.SpringJUnit4ClassRunner.runChild(SpringJUnit4ClassRunner.java:97)
	at org.junit.runners.ParentRunner$3.run(ParentRunner.java:290)
	at org.junit.runners.ParentRunner$1.schedule(ParentRunner.java:71)
	at org.junit.runners.ParentRunner.runChildren(ParentRunner.java:288)
	at org.junit.runners.ParentRunner.access$000(ParentRunner.java:58)
	at org.junit.runners.ParentRunner$2.evaluate(ParentRunner.java:268)
	at org.springframework.test.context.junit4.statements.RunBeforeTestClassCallbacks.evaluate(RunBeforeTestClassCallbacks.java:61)
	at org.springframework.test.context.junit4.statements.RunAfterTestClassCallbacks.evaluate(RunAfterTestClassCallbacks.java:70)
	at org.junit.runners.ParentRunner.run(ParentRunner.java:363)
	at org.springframework.test.context.junit4.SpringJUnit4ClassRunner.run(SpringJUnit4ClassRunner.java:190)
	at org.gradle.api.internal.tasks.testing.junit.JUnitTestClassExecutor.runTestClass(JUnitTestClassExecutor.java:106)
	at org.gradle.api.internal.tasks.testing.junit.JUnitTestClassExecutor.execute(JUnitTestClassExecutor.java:58)
	at org.gradle.api.internal.tasks.testing.junit.JUnitTestClassExecutor.execute(JUnitTestClassExecutor.java:38)
	at org.gradle.api.internal.tasks.testing.junit.AbstractJUnitTestClassProcessor.processTestClass(AbstractJUnitTestClassProcessor.java:66)
	at org.gradle.api.internal.tasks.testing.SuiteTestClassProcessor.processTestClass(SuiteTestClassProcessor.java:51)
	at java.base/jdk.internal.reflect.NativeMethodAccessorImpl.invoke0(Native Method)
	at java.base/jdk.internal.reflect.NativeMethodAccessorImpl.invoke(NativeMethodAccessorImpl.java:62)
	at java.base/jdk.internal.reflect.DelegatingMethodAccessorImpl.invoke(DelegatingMethodAccessorImpl.java:43)
	at java.base/java.lang.reflect.Method.invoke(Method.java:566)
	at org.gradle.internal.dispatch.ReflectionDispatch.dispatch(ReflectionDispatch.java:35)
	at org.gradle.internal.dispatch.ReflectionDispatch.dispatch(ReflectionDispatch.java:24)
	at org.gradle.internal.dispatch.ContextClassLoaderDispatch.dispatch(ContextClassLoaderDispatch.java:32)
	at org.gradle.internal.dispatch.ProxyDispatchAdapter$DispatchingInvocationHandler.invoke(ProxyDispatchAdapter.java:93)
	at com.sun.proxy.$Proxy1.processTestClass(Unknown Source)
	at org.gradle.api.internal.tasks.testing.worker.TestWorker.processTestClass(TestWorker.java:109)
	at java.base/jdk.internal.reflect.NativeMethodAccessorImpl.invoke0(Native Method)
	at java.base/jdk.internal.reflect.NativeMethodAccessorImpl.invoke(NativeMethodAccessorImpl.java:62)
	at java.base/jdk.internal.reflect.DelegatingMethodAccessorImpl.invoke(DelegatingMethodAccessorImpl.java:43)
	at java.base/java.lang.reflect.Method.invoke(Method.java:566)
	at org.gradle.internal.dispatch.ReflectionDispatch.dispatch(ReflectionDispatch.java:35)
	at org.gradle.internal.dispatch.ReflectionDispatch.dispatch(ReflectionDispatch.java:24)
	at org.gradle.internal.remote.internal.hub.MessageHubBackedObjectConnection$DispatchWrapper.dispatch(MessageHubBackedObjectConnection.java:155)
	at org.gradle.internal.remote.internal.hub.MessageHubBackedObjectConnection$DispatchWrapper.dispatch(MessageHubBackedObjectConnection.java:137)
	at org.gradle.internal.remote.internal.hub.MessageHub$Handler.run(MessageHub.java:404)
	at org.gradle.internal.concurrent.ExecutorPolicy$CatchAndRecordFailures.onExecute(ExecutorPolicy.java:63)
	at org.gradle.internal.concurrent.ManagedExecutorImpl$1.run(ManagedExecutorImpl.java:46)
	at java.base/java.util.concurrent.ThreadPoolExecutor.runWorker(ThreadPoolExecutor.java:1128)
	at java.base/java.util.concurrent.ThreadPoolExecutor$Worker.run(ThreadPoolExecutor.java:628)
	at org.gradle.internal.concurrent.ThreadFactoryImpl$ManagedThreadRunnable.run(ThreadFactoryImpl.java:55)
	at java.base/java.lang.Thread.run(Thread.java:834)
Caused by: com.dropbox.core.InvalidAccessTokenException: {&quot;error_summary&quot;: &quot;invalid_access_token/.&quot;, &quot;error&quot;: {&quot;.tag&quot;: &quot;invalid_access_token&quot;}}
	at com.dropbox.core.DbxRequestUtil.unexpectedStatus(DbxRequestUtil.java:321)
	at com.dropbox.core.v2.DbxRawClientV2$1.execute(DbxRawClientV2.java:129)
	at com.dropbox.core.v2.DbxRawClientV2.executeRetriable(DbxRawClientV2.java:300)
	at com.dropbox.core.v2.DbxRawClientV2.rpcStyle(DbxRawClientV2.java:116)
	at com.dropbox.core.v2.files.DbxUserFilesRequests.createFolderV2(DbxUserFilesRequests.java:773)
	at com.dropbox.core.v2.files.DbxUserFilesRequests.createFolderV2(DbxUserFilesRequests.java:800)
	at com.jbettiol.ewddemo.dropbox.DropboxServiceImpl.lambda$createFolder$2(DropboxServiceImpl.java:47)
	at com.jbettiol.ewddemo.dropbox.DropboxServiceImpl.handleDropboxAction(DropboxServiceImpl.java:104)
	... 59 more
</failure>
    <failure message="com.jbettiol.ewddemo.dropbox.exception.DropboxException: Error deleting folder: /Test Folder with cause: {&quot;error_summary&quot;: &quot;invalid_access_token/.&quot;, &quot;error&quot;: {&quot;.tag&quot;: &quot;invalid_access_token&quot;}}" type="com.jbettiol.ewddemo.dropbox.exception.DropboxException">com.jbettiol.ewddemo.dropbox.exception.DropboxException: Error deleting folder: /Test Folder with cause: {&quot;error_summary&quot;: &quot;invalid_access_token/.&quot;, &quot;error&quot;: {&quot;.tag&quot;: &quot;invalid_access_token&quot;}}
	at com.jbettiol.ewddemo.dropbox.DropboxServiceImpl.handleDropboxAction(DropboxServiceImpl.java:107)
	at com.jbettiol.ewddemo.dropbox.DropboxServiceImpl.deleteFolder(DropboxServiceImpl.java:83)
	at com.jbettiol.ewddemotest.dropbox.DropboxIntTest.deleteTestFolder(DropboxIntTest.java:74)
	at java.base/jdk.internal.reflect.NativeMethodAccessorImpl.invoke0(Native Method)
	at java.base/jdk.internal.reflect.NativeMethodAccessorImpl.invoke(NativeMethodAccessorImpl.java:62)
	at java.base/jdk.internal.reflect.DelegatingMethodAccessorImpl.invoke(DelegatingMethodAccessorImpl.java:43)
	at java.base/java.lang.reflect.Method.invoke(Method.java:566)
	at org.junit.runners.model.FrameworkMethod$1.runReflectiveCall(FrameworkMethod.java:50)
	at org.junit.internal.runners.model.ReflectiveCallable.run(ReflectiveCallable.java:12)
	at org.junit.runners.model.FrameworkMethod.invokeExplosively(FrameworkMethod.java:47)
	at org.junit.internal.runners.statements.RunAfters.evaluate(RunAfters.java:33)
	at org.springframework.test.context.junit4.statements.RunAfterTestMethodCallbacks.evaluate(RunAfterTestMethodCallbacks.java:86)
	at org.junit.rules.ExpectedException$ExpectedExceptionStatement.evaluate(ExpectedException.java:239)
	at org.junit.rules.ExternalResource$1.evaluate(ExternalResource.java:48)
	at org.junit.rules.RunRules.evaluate(RunRules.java:20)
	at org.springframework.test.context.junit4.statements.SpringRepeat.evaluate(SpringRepeat.java:84)
	at org.junit.runners.ParentRunner.runLeaf(ParentRunner.java:325)
	at org.springframework.test.context.junit4.SpringJUnit4ClassRunner.runChild(SpringJUnit4ClassRunner.java:251)
	at org.springframework.test.context.junit4.SpringJUnit4ClassRunner.runChild(SpringJUnit4ClassRunner.java:97)
	at org.junit.runners.ParentRunner$3.run(ParentRunner.java:290)
	at org.junit.runners.ParentRunner$1.schedule(ParentRunner.java:71)
	at org.junit.runners.ParentRunner.runChildren(ParentRunner.java:288)
	at org.junit.runners.ParentRunner.access$000(ParentRunner.java:58)
	at org.junit.runners.ParentRunner$2.evaluate(ParentRunner.java:268)
	at org.springframework.test.context.junit4.statements.RunBeforeTestClassCallbacks.evaluate(RunBeforeTestClassCallbacks.java:61)
	at org.springframework.test.context.junit4.statements.RunAfterTestClassCallbacks.evaluate(RunAfterTestClassCallbacks.java:70)
	at org.junit.runners.ParentRunner.run(ParentRunner.java:363)
	at org.springframework.test.context.junit4.SpringJUnit4ClassRunner.run(SpringJUnit4ClassRunner.java:190)
	at org.gradle.api.internal.tasks.testing.junit.JUnitTestClassExecutor.runTestClass(JUnitTestClassExecutor.java:106)
	at org.gradle.api.internal.tasks.testing.junit.JUnitTestClassExecutor.execute(JUnitTestClassExecutor.java:58)
	at org.gradle.api.internal.tasks.testing.junit.JUnitTestClassExecutor.execute(JUnitTestClassExecutor.java:38)
	at org.gradle.api.internal.tasks.testing.junit.AbstractJUnitTestClassProcessor.processTestClass(AbstractJUnitTestClassProcessor.java:66)
	at org.gradle.api.internal.tasks.testing.SuiteTestClassProcessor.processTestClass(SuiteTestClassProcessor.java:51)
	at java.base/jdk.internal.reflect.NativeMethodAccessorImpl.invoke0(Native Method)
	at java.base/jdk.internal.reflect.NativeMethodAccessorImpl.invoke(NativeMethodAccessorImpl.java:62)
	at java.base/jdk.internal.reflect.DelegatingMethodAccessorImpl.invoke(DelegatingMethodAccessorImpl.java:43)
	at java.base/java.lang.reflect.Method.invoke(Method.java:566)
	at org.gradle.internal.dispatch.ReflectionDispatch.dispatch(ReflectionDispatch.java:35)
	at org.gradle.internal.dispatch.ReflectionDispatch.dispatch(ReflectionDispatch.java:24)
	at org.gradle.internal.dispatch.ContextClassLoaderDispatch.dispatch(ContextClassLoaderDispatch.java:32)
	at org.gradle.internal.dispatch.ProxyDispatchAdapter$DispatchingInvocationHandler.invoke(ProxyDispatchAdapter.java:93)
	at com.sun.proxy.$Proxy1.processTestClass(Unknown Source)
	at org.gradle.api.internal.tasks.testing.worker.TestWorker.processTestClass(TestWorker.java:109)
	at java.base/jdk.internal.reflect.NativeMethodAccessorImpl.invoke0(Native Method)
	at java.base/jdk.internal.reflect.NativeMethodAccessorImpl.invoke(NativeMethodAccessorImpl.java:62)
	at java.base/jdk.internal.reflect.DelegatingMethodAccessorImpl.invoke(DelegatingMethodAccessorImpl.java:43)
	at java.base/java.lang.reflect.Method.invoke(Method.java:566)
	at org.gradle.internal.dispatch.ReflectionDispatch.dispatch(ReflectionDispatch.java:35)
	at org.gradle.internal.dispatch.ReflectionDispatch.dispatch(ReflectionDispatch.java:24)
	at org.gradle.internal.remote.internal.hub.MessageHubBackedObjectConnection$DispatchWrapper.dispatch(MessageHubBackedObjectConnection.java:155)
	at org.gradle.internal.remote.internal.hub.MessageHubBackedObjectConnection$DispatchWrapper.dispatch(MessageHubBackedObjectConnection.java:137)
	at org.gradle.internal.remote.internal.hub.MessageHub$Handler.run(MessageHub.java:404)
	at org.gradle.internal.concurrent.ExecutorPolicy$CatchAndRecordFailures.onExecute(ExecutorPolicy.java:63)
	at org.gradle.internal.concurrent.ManagedExecutorImpl$1.run(ManagedExecutorImpl.java:46)
	at java.base/java.util.concurrent.ThreadPoolExecutor.runWorker(ThreadPoolExecutor.java:1128)
	at java.base/java.util.concurrent.ThreadPoolExecutor$Worker.run(ThreadPoolExecutor.java:628)
	at org.gradle.internal.concurrent.ThreadFactoryImpl$ManagedThreadRunnable.run(ThreadFactoryImpl.java:55)
	at java.base/java.lang.Thread.run(Thread.java:834)
Caused by: com.dropbox.core.InvalidAccessTokenException: {&quot;error_summary&quot;: &quot;invalid_access_token/.&quot;, &quot;error&quot;: {&quot;.tag&quot;: &quot;invalid_access_token&quot;}}
	at com.dropbox.core.DbxRequestUtil.unexpectedStatus(DbxRequestUtil.java:321)
	at com.dropbox.core.v2.DbxRawClientV2$1.execute(DbxRawClientV2.java:129)
	at com.dropbox.core.v2.DbxRawClientV2.executeRetriable(DbxRawClientV2.java:300)
	at com.dropbox.core.v2.DbxRawClientV2.rpcStyle(DbxRawClientV2.java:116)
	at com.dropbox.core.v2.files.DbxUserFilesRequests.deleteV2(DbxUserFilesRequests.java:1016)
	at com.dropbox.core.v2.files.DbxUserFilesRequests.deleteV2(DbxUserFilesRequests.java:1045)
	at com.jbettiol.ewddemo.dropbox.DropboxServiceImpl.lambda$deleteFolder$5(DropboxServiceImpl.java:83)
	at com.jbettiol.ewddemo.dropbox.DropboxServiceImpl.handleDropboxAction(DropboxServiceImpl.java:104)
	... 57 more
</failure>
  </testcase>
  <testcase name="listFolder_shouldReturnFolderItems" classname="com.jbettiol.ewddemotest.dropbox.DropboxIntTest" time="0.424">
    <failure message="com.jbettiol.ewddemo.dropbox.exception.DropboxException: Error creating folder with cause: {&quot;error_summary&quot;: &quot;invalid_access_token/&quot;, &quot;error&quot;: {&quot;.tag&quot;: &quot;invalid_access_token&quot;}}" type="com.jbettiol.ewddemo.dropbox.exception.DropboxException">com.jbettiol.ewddemo.dropbox.exception.DropboxException: Error creating folder with cause: {&quot;error_summary&quot;: &quot;invalid_access_token/&quot;, &quot;error&quot;: {&quot;.tag&quot;: &quot;invalid_access_token&quot;}}
	at com.jbettiol.ewddemo.dropbox.DropboxServiceImpl.handleDropboxAction(DropboxServiceImpl.java:107)
	at com.jbettiol.ewddemo.dropbox.DropboxServiceImpl.createFolder(DropboxServiceImpl.java:47)
	at com.jbettiol.ewddemotest.dropbox.DropboxIntTest.createTestFolder(DropboxIntTest.java:64)
	at java.base/jdk.internal.reflect.NativeMethodAccessorImpl.invoke0(Native Method)
	at java.base/jdk.internal.reflect.NativeMethodAccessorImpl.invoke(NativeMethodAccessorImpl.java:62)
	at java.base/jdk.internal.reflect.DelegatingMethodAccessorImpl.invoke(DelegatingMethodAccessorImpl.java:43)
	at java.base/java.lang.reflect.Method.invoke(Method.java:566)
	at org.junit.runners.model.FrameworkMethod$1.runReflectiveCall(FrameworkMethod.java:50)
	at org.junit.internal.runners.model.ReflectiveCallable.run(ReflectiveCallable.java:12)
	at org.junit.runners.model.FrameworkMethod.invokeExplosively(FrameworkMethod.java:47)
	at org.junit.internal.runners.statements.RunBefores.evaluate(RunBefores.java:24)
	at org.springframework.test.context.junit4.statements.RunBeforeTestMethodCallbacks.evaluate(RunBeforeTestMethodCallbacks.java:75)
	at org.junit.internal.runners.statements.RunAfters.evaluate(RunAfters.java:27)
	at org.springframework.test.context.junit4.statements.RunAfterTestMethodCallbacks.evaluate(RunAfterTestMethodCallbacks.java:86)
	at org.junit.rules.ExpectedException$ExpectedExceptionStatement.evaluate(ExpectedException.java:239)
	at org.junit.rules.ExternalResource$1.evaluate(ExternalResource.java:48)
	at org.junit.rules.RunRules.evaluate(RunRules.java:20)
	at org.springframework.test.context.junit4.statements.SpringRepeat.evaluate(SpringRepeat.java:84)
	at org.junit.runners.ParentRunner.runLeaf(ParentRunner.java:325)
	at org.springframework.test.context.junit4.SpringJUnit4ClassRunner.runChild(SpringJUnit4ClassRunner.java:251)
	at org.springframework.test.context.junit4.SpringJUnit4ClassRunner.runChild(SpringJUnit4ClassRunner.java:97)
	at org.junit.runners.ParentRunner$3.run(ParentRunner.java:290)
	at org.junit.runners.ParentRunner$1.schedule(ParentRunner.java:71)
	at org.junit.runners.ParentRunner.runChildren(ParentRunner.java:288)
	at org.junit.runners.ParentRunner.access$000(ParentRunner.java:58)
	at org.junit.runners.ParentRunner$2.evaluate(ParentRunner.java:268)
	at org.springframework.test.context.junit4.statements.RunBeforeTestClassCallbacks.evaluate(RunBeforeTestClassCallbacks.java:61)
	at org.springframework.test.context.junit4.statements.RunAfterTestClassCallbacks.evaluate(RunAfterTestClassCallbacks.java:70)
	at org.junit.runners.ParentRunner.run(ParentRunner.java:363)
	at org.springframework.test.context.junit4.SpringJUnit4ClassRunner.run(SpringJUnit4ClassRunner.java:190)
	at org.gradle.api.internal.tasks.testing.junit.JUnitTestClassExecutor.runTestClass(JUnitTestClassExecutor.java:106)
	at org.gradle.api.internal.tasks.testing.junit.JUnitTestClassExecutor.execute(JUnitTestClassExecutor.java:58)
	at org.gradle.api.internal.tasks.testing.junit.JUnitTestClassExecutor.execute(JUnitTestClassExecutor.java:38)
	at org.gradle.api.internal.tasks.testing.junit.AbstractJUnitTestClassProcessor.processTestClass(AbstractJUnitTestClassProcessor.java:66)
	at org.gradle.api.internal.tasks.testing.SuiteTestClassProcessor.processTestClass(SuiteTestClassProcessor.java:51)
	at java.base/jdk.internal.reflect.NativeMethodAccessorImpl.invoke0(Native Method)
	at java.base/jdk.internal.reflect.NativeMethodAccessorImpl.invoke(NativeMethodAccessorImpl.java:62)
	at java.base/jdk.internal.reflect.DelegatingMethodAccessorImpl.invoke(DelegatingMethodAccessorImpl.java:43)
	at java.base/java.lang.reflect.Method.invoke(Method.java:566)
	at org.gradle.internal.dispatch.ReflectionDispatch.dispatch(ReflectionDispatch.java:35)
	at org.gradle.internal.dispatch.ReflectionDispatch.dispatch(ReflectionDispatch.java:24)
	at org.gradle.internal.dispatch.ContextClassLoaderDispatch.dispatch(ContextClassLoaderDispatch.java:32)
	at org.gradle.internal.dispatch.ProxyDispatchAdapter$DispatchingInvocationHandler.invoke(ProxyDispatchAdapter.java:93)
	at com.sun.proxy.$Proxy1.processTestClass(Unknown Source)
	at org.gradle.api.internal.tasks.testing.worker.TestWorker.processTestClass(TestWorker.java:109)
	at java.base/jdk.internal.reflect.NativeMethodAccessorImpl.invoke0(Native Method)
	at java.base/jdk.internal.reflect.NativeMethodAccessorImpl.invoke(NativeMethodAccessorImpl.java:62)
	at java.base/jdk.internal.reflect.DelegatingMethodAccessorImpl.invoke(DelegatingMethodAccessorImpl.java:43)
	at java.base/java.lang.reflect.Method.invoke(Method.java:566)
	at org.gradle.internal.dispatch.ReflectionDispatch.dispatch(ReflectionDispatch.java:35)
	at org.gradle.internal.dispatch.ReflectionDispatch.dispatch(ReflectionDispatch.java:24)
	at org.gradle.internal.remote.internal.hub.MessageHubBackedObjectConnection$DispatchWrapper.dispatch(MessageHubBackedObjectConnection.java:155)
	at org.gradle.internal.remote.internal.hub.MessageHubBackedObjectConnection$DispatchWrapper.dispatch(MessageHubBackedObjectConnection.java:137)
	at org.gradle.internal.remote.internal.hub.MessageHub$Handler.run(MessageHub.java:404)
	at org.gradle.internal.concurrent.ExecutorPolicy$CatchAndRecordFailures.onExecute(ExecutorPolicy.java:63)
	at org.gradle.internal.concurrent.ManagedExecutorImpl$1.run(ManagedExecutorImpl.java:46)
	at java.base/java.util.concurrent.ThreadPoolExecutor.runWorker(ThreadPoolExecutor.java:1128)
	at java.base/java.util.concurrent.ThreadPoolExecutor$Worker.run(ThreadPoolExecutor.java:628)
	at org.gradle.internal.concurrent.ThreadFactoryImpl$ManagedThreadRunnable.run(ThreadFactoryImpl.java:55)
	at java.base/java.lang.Thread.run(Thread.java:834)
Caused by: com.dropbox.core.InvalidAccessTokenException: {&quot;error_summary&quot;: &quot;invalid_access_token/&quot;, &quot;error&quot;: {&quot;.tag&quot;: &quot;invalid_access_token&quot;}}
	at com.dropbox.core.DbxRequestUtil.unexpectedStatus(DbxRequestUtil.java:321)
	at com.dropbox.core.v2.DbxRawClientV2$1.execute(DbxRawClientV2.java:129)
	at com.dropbox.core.v2.DbxRawClientV2.executeRetriable(DbxRawClientV2.java:300)
	at com.dropbox.core.v2.DbxRawClientV2.rpcStyle(DbxRawClientV2.java:116)
	at com.dropbox.core.v2.files.DbxUserFilesRequests.createFolderV2(DbxUserFilesRequests.java:773)
	at com.dropbox.core.v2.files.DbxUserFilesRequests.createFolderV2(DbxUserFilesRequests.java:800)
	at com.jbettiol.ewddemo.dropbox.DropboxServiceImpl.lambda$createFolder$2(DropboxServiceImpl.java:47)
	at com.jbettiol.ewddemo.dropbox.DropboxServiceImpl.handleDropboxAction(DropboxServiceImpl.java:104)
	... 59 more
</failure>
    <failure message="com.jbettiol.ewddemo.dropbox.exception.DropboxException: Error deleting folder: /Test Folder with cause: {&quot;error_summary&quot;: &quot;invalid_access_token/..&quot;, &quot;error&quot;: {&quot;.tag&quot;: &quot;invalid_access_token&quot;}}" type="com.jbettiol.ewddemo.dropbox.exception.DropboxException">com.jbettiol.ewddemo.dropbox.exception.DropboxException: Error deleting folder: /Test Folder with cause: {&quot;error_summary&quot;: &quot;invalid_access_token/..&quot;, &quot;error&quot;: {&quot;.tag&quot;: &quot;invalid_access_token&quot;}}
	at com.jbettiol.ewddemo.dropbox.DropboxServiceImpl.handleDropboxAction(DropboxServiceImpl.java:107)
	at com.jbettiol.ewddemo.dropbox.DropboxServiceImpl.deleteFolder(DropboxServiceImpl.java:83)
	at com.jbettiol.ewddemotest.dropbox.DropboxIntTest.deleteTestFolder(DropboxIntTest.java:74)
	at java.base/jdk.internal.reflect.NativeMethodAccessorImpl.invoke0(Native Method)
	at java.base/jdk.internal.reflect.NativeMethodAccessorImpl.invoke(NativeMethodAccessorImpl.java:62)
	at java.base/jdk.internal.reflect.DelegatingMethodAccessorImpl.invoke(DelegatingMethodAccessorImpl.java:43)
	at java.base/java.lang.reflect.Method.invoke(Method.java:566)
	at org.junit.runners.model.FrameworkMethod$1.runReflectiveCall(FrameworkMethod.java:50)
	at org.junit.internal.runners.model.ReflectiveCallable.run(ReflectiveCallable.java:12)
	at org.junit.runners.model.FrameworkMethod.invokeExplosively(FrameworkMethod.java:47)
	at org.junit.internal.runners.statements.RunAfters.evaluate(RunAfters.java:33)
	at org.springframework.test.context.junit4.statements.RunAfterTestMethodCallbacks.evaluate(RunAfterTestMethodCallbacks.java:86)
	at org.junit.rules.ExpectedException$ExpectedExceptionStatement.evaluate(ExpectedException.java:239)
	at org.junit.rules.ExternalResource$1.evaluate(ExternalResource.java:48)
	at org.junit.rules.RunRules.evaluate(RunRules.java:20)
	at org.springframework.test.context.junit4.statements.SpringRepeat.evaluate(SpringRepeat.java:84)
	at org.junit.runners.ParentRunner.runLeaf(ParentRunner.java:325)
	at org.springframework.test.context.junit4.SpringJUnit4ClassRunner.runChild(SpringJUnit4ClassRunner.java:251)
	at org.springframework.test.context.junit4.SpringJUnit4ClassRunner.runChild(SpringJUnit4ClassRunner.java:97)
	at org.junit.runners.ParentRunner$3.run(ParentRunner.java:290)
	at org.junit.runners.ParentRunner$1.schedule(ParentRunner.java:71)
	at org.junit.runners.ParentRunner.runChildren(ParentRunner.java:288)
	at org.junit.runners.ParentRunner.access$000(ParentRunner.java:58)
	at org.junit.runners.ParentRunner$2.evaluate(ParentRunner.java:268)
	at org.springframework.test.context.junit4.statements.RunBeforeTestClassCallbacks.evaluate(RunBeforeTestClassCallbacks.java:61)
	at org.springframework.test.context.junit4.statements.RunAfterTestClassCallbacks.evaluate(RunAfterTestClassCallbacks.java:70)
	at org.junit.runners.ParentRunner.run(ParentRunner.java:363)
	at org.springframework.test.context.junit4.SpringJUnit4ClassRunner.run(SpringJUnit4ClassRunner.java:190)
	at org.gradle.api.internal.tasks.testing.junit.JUnitTestClassExecutor.runTestClass(JUnitTestClassExecutor.java:106)
	at org.gradle.api.internal.tasks.testing.junit.JUnitTestClassExecutor.execute(JUnitTestClassExecutor.java:58)
	at org.gradle.api.internal.tasks.testing.junit.JUnitTestClassExecutor.execute(JUnitTestClassExecutor.java:38)
	at org.gradle.api.internal.tasks.testing.junit.AbstractJUnitTestClassProcessor.processTestClass(AbstractJUnitTestClassProcessor.java:66)
	at org.gradle.api.internal.tasks.testing.SuiteTestClassProcessor.processTestClass(SuiteTestClassProcessor.java:51)
	at java.base/jdk.internal.reflect.NativeMethodAccessorImpl.invoke0(Native Method)
	at java.base/jdk.internal.reflect.NativeMethodAccessorImpl.invoke(NativeMethodAccessorImpl.java:62)
	at java.base/jdk.internal.reflect.DelegatingMethodAccessorImpl.invoke(DelegatingMethodAccessorImpl.java:43)
	at java.base/java.lang.reflect.Method.invoke(Method.java:566)
	at org.gradle.internal.dispatch.ReflectionDispatch.dispatch(ReflectionDispatch.java:35)
	at org.gradle.internal.dispatch.ReflectionDispatch.dispatch(ReflectionDispatch.java:24)
	at org.gradle.internal.dispatch.ContextClassLoaderDispatch.dispatch(ContextClassLoaderDispatch.java:32)
	at org.gradle.internal.dispatch.ProxyDispatchAdapter$DispatchingInvocationHandler.invoke(ProxyDispatchAdapter.java:93)
	at com.sun.proxy.$Proxy1.processTestClass(Unknown Source)
	at org.gradle.api.internal.tasks.testing.worker.TestWorker.processTestClass(TestWorker.java:109)
	at java.base/jdk.internal.reflect.NativeMethodAccessorImpl.invoke0(Native Method)
	at java.base/jdk.internal.reflect.NativeMethodAccessorImpl.invoke(NativeMethodAccessorImpl.java:62)
	at java.base/jdk.internal.reflect.DelegatingMethodAccessorImpl.invoke(DelegatingMethodAccessorImpl.java:43)
	at java.base/java.lang.reflect.Method.invoke(Method.java:566)
	at org.gradle.internal.dispatch.ReflectionDispatch.dispatch(ReflectionDispatch.java:35)
	at org.gradle.internal.dispatch.ReflectionDispatch.dispatch(ReflectionDispatch.java:24)
	at org.gradle.internal.remote.internal.hub.MessageHubBackedObjectConnection$DispatchWrapper.dispatch(MessageHubBackedObjectConnection.java:155)
	at org.gradle.internal.remote.internal.hub.MessageHubBackedObjectConnection$DispatchWrapper.dispatch(MessageHubBackedObjectConnection.java:137)
	at org.gradle.internal.remote.internal.hub.MessageHub$Handler.run(MessageHub.java:404)
	at org.gradle.internal.concurrent.ExecutorPolicy$CatchAndRecordFailures.onExecute(ExecutorPolicy.java:63)
	at org.gradle.internal.concurrent.ManagedExecutorImpl$1.run(ManagedExecutorImpl.java:46)
	at java.base/java.util.concurrent.ThreadPoolExecutor.runWorker(ThreadPoolExecutor.java:1128)
	at java.base/java.util.concurrent.ThreadPoolExecutor$Worker.run(ThreadPoolExecutor.java:628)
	at org.gradle.internal.concurrent.ThreadFactoryImpl$ManagedThreadRunnable.run(ThreadFactoryImpl.java:55)
	at java.base/java.lang.Thread.run(Thread.java:834)
Caused by: com.dropbox.core.InvalidAccessTokenException: {&quot;error_summary&quot;: &quot;invalid_access_token/..&quot;, &quot;error&quot;: {&quot;.tag&quot;: &quot;invalid_access_token&quot;}}
	at com.dropbox.core.DbxRequestUtil.unexpectedStatus(DbxRequestUtil.java:321)
	at com.dropbox.core.v2.DbxRawClientV2$1.execute(DbxRawClientV2.java:129)
	at com.dropbox.core.v2.DbxRawClientV2.executeRetriable(DbxRawClientV2.java:300)
	at com.dropbox.core.v2.DbxRawClientV2.rpcStyle(DbxRawClientV2.java:116)
	at com.dropbox.core.v2.files.DbxUserFilesRequests.deleteV2(DbxUserFilesRequests.java:1016)
	at com.dropbox.core.v2.files.DbxUserFilesRequests.deleteV2(DbxUserFilesRequests.java:1045)
	at com.jbettiol.ewddemo.dropbox.DropboxServiceImpl.lambda$deleteFolder$5(DropboxServiceImpl.java:83)
	at com.jbettiol.ewddemo.dropbox.DropboxServiceImpl.handleDropboxAction(DropboxServiceImpl.java:104)
	... 57 more
</failure>
  </testcase>
  <testcase name="deleteFolder_shouldThrowExceptionIfFolderNotExists" classname="com.jbettiol.ewddemotest.dropbox.DropboxIntTest" time="0.427">
    <failure message="com.jbettiol.ewddemo.dropbox.exception.DropboxException: Error creating folder with cause: {&quot;error_summary&quot;: &quot;invalid_access_token/...&quot;, &quot;error&quot;: {&quot;.tag&quot;: &quot;invalid_access_token&quot;}}" type="com.jbettiol.ewddemo.dropbox.exception.DropboxException">com.jbettiol.ewddemo.dropbox.exception.DropboxException: Error creating folder with cause: {&quot;error_summary&quot;: &quot;invalid_access_token/...&quot;, &quot;error&quot;: {&quot;.tag&quot;: &quot;invalid_access_token&quot;}}
	at com.jbettiol.ewddemo.dropbox.DropboxServiceImpl.handleDropboxAction(DropboxServiceImpl.java:107)
	at com.jbettiol.ewddemo.dropbox.DropboxServiceImpl.createFolder(DropboxServiceImpl.java:47)
	at com.jbettiol.ewddemotest.dropbox.DropboxIntTest.createTestFolder(DropboxIntTest.java:64)
	at java.base/jdk.internal.reflect.NativeMethodAccessorImpl.invoke0(Native Method)
	at java.base/jdk.internal.reflect.NativeMethodAccessorImpl.invoke(NativeMethodAccessorImpl.java:62)
	at java.base/jdk.internal.reflect.DelegatingMethodAccessorImpl.invoke(DelegatingMethodAccessorImpl.java:43)
	at java.base/java.lang.reflect.Method.invoke(Method.java:566)
	at org.junit.runners.model.FrameworkMethod$1.runReflectiveCall(FrameworkMethod.java:50)
	at org.junit.internal.runners.model.ReflectiveCallable.run(ReflectiveCallable.java:12)
	at org.junit.runners.model.FrameworkMethod.invokeExplosively(FrameworkMethod.java:47)
	at org.junit.internal.runners.statements.RunBefores.evaluate(RunBefores.java:24)
	at org.springframework.test.context.junit4.statements.RunBeforeTestMethodCallbacks.evaluate(RunBeforeTestMethodCallbacks.java:75)
	at org.junit.internal.runners.statements.RunAfters.evaluate(RunAfters.java:27)
	at org.springframework.test.context.junit4.statements.RunAfterTestMethodCallbacks.evaluate(RunAfterTestMethodCallbacks.java:86)
	at org.junit.rules.ExpectedException$ExpectedExceptionStatement.evaluate(ExpectedException.java:239)
	at org.junit.rules.ExternalResource$1.evaluate(ExternalResource.java:48)
	at org.junit.rules.RunRules.evaluate(RunRules.java:20)
	at org.springframework.test.context.junit4.statements.SpringRepeat.evaluate(SpringRepeat.java:84)
	at org.junit.runners.ParentRunner.runLeaf(ParentRunner.java:325)
	at org.springframework.test.context.junit4.SpringJUnit4ClassRunner.runChild(SpringJUnit4ClassRunner.java:251)
	at org.springframework.test.context.junit4.SpringJUnit4ClassRunner.runChild(SpringJUnit4ClassRunner.java:97)
	at org.junit.runners.ParentRunner$3.run(ParentRunner.java:290)
	at org.junit.runners.ParentRunner$1.schedule(ParentRunner.java:71)
	at org.junit.runners.ParentRunner.runChildren(ParentRunner.java:288)
	at org.junit.runners.ParentRunner.access$000(ParentRunner.java:58)
	at org.junit.runners.ParentRunner$2.evaluate(ParentRunner.java:268)
	at org.springframework.test.context.junit4.statements.RunBeforeTestClassCallbacks.evaluate(RunBeforeTestClassCallbacks.java:61)
	at org.springframework.test.context.junit4.statements.RunAfterTestClassCallbacks.evaluate(RunAfterTestClassCallbacks.java:70)
	at org.junit.runners.ParentRunner.run(ParentRunner.java:363)
	at org.springframework.test.context.junit4.SpringJUnit4ClassRunner.run(SpringJUnit4ClassRunner.java:190)
	at org.gradle.api.internal.tasks.testing.junit.JUnitTestClassExecutor.runTestClass(JUnitTestClassExecutor.java:106)
	at org.gradle.api.internal.tasks.testing.junit.JUnitTestClassExecutor.execute(JUnitTestClassExecutor.java:58)
	at org.gradle.api.internal.tasks.testing.junit.JUnitTestClassExecutor.execute(JUnitTestClassExecutor.java:38)
	at org.gradle.api.internal.tasks.testing.junit.AbstractJUnitTestClassProcessor.processTestClass(AbstractJUnitTestClassProcessor.java:66)
	at org.gradle.api.internal.tasks.testing.SuiteTestClassProcessor.processTestClass(SuiteTestClassProcessor.java:51)
	at java.base/jdk.internal.reflect.NativeMethodAccessorImpl.invoke0(Native Method)
	at java.base/jdk.internal.reflect.NativeMethodAccessorImpl.invoke(NativeMethodAccessorImpl.java:62)
	at java.base/jdk.internal.reflect.DelegatingMethodAccessorImpl.invoke(DelegatingMethodAccessorImpl.java:43)
	at java.base/java.lang.reflect.Method.invoke(Method.java:566)
	at org.gradle.internal.dispatch.ReflectionDispatch.dispatch(ReflectionDispatch.java:35)
	at org.gradle.internal.dispatch.ReflectionDispatch.dispatch(ReflectionDispatch.java:24)
	at org.gradle.internal.dispatch.ContextClassLoaderDispatch.dispatch(ContextClassLoaderDispatch.java:32)
	at org.gradle.internal.dispatch.ProxyDispatchAdapter$DispatchingInvocationHandler.invoke(ProxyDispatchAdapter.java:93)
	at com.sun.proxy.$Proxy1.processTestClass(Unknown Source)
	at org.gradle.api.internal.tasks.testing.worker.TestWorker.processTestClass(TestWorker.java:109)
	at java.base/jdk.internal.reflect.NativeMethodAccessorImpl.invoke0(Native Method)
	at java.base/jdk.internal.reflect.NativeMethodAccessorImpl.invoke(NativeMethodAccessorImpl.java:62)
	at java.base/jdk.internal.reflect.DelegatingMethodAccessorImpl.invoke(DelegatingMethodAccessorImpl.java:43)
	at java.base/java.lang.reflect.Method.invoke(Method.java:566)
	at org.gradle.internal.dispatch.ReflectionDispatch.dispatch(ReflectionDispatch.java:35)
	at org.gradle.internal.dispatch.ReflectionDispatch.dispatch(ReflectionDispatch.java:24)
	at org.gradle.internal.remote.internal.hub.MessageHubBackedObjectConnection$DispatchWrapper.dispatch(MessageHubBackedObjectConnection.java:155)
	at org.gradle.internal.remote.internal.hub.MessageHubBackedObjectConnection$DispatchWrapper.dispatch(MessageHubBackedObjectConnection.java:137)
	at org.gradle.internal.remote.internal.hub.MessageHub$Handler.run(MessageHub.java:404)
	at org.gradle.internal.concurrent.ExecutorPolicy$CatchAndRecordFailures.onExecute(ExecutorPolicy.java:63)
	at org.gradle.internal.concurrent.ManagedExecutorImpl$1.run(ManagedExecutorImpl.java:46)
	at java.base/java.util.concurrent.ThreadPoolExecutor.runWorker(ThreadPoolExecutor.java:1128)
	at java.base/java.util.concurrent.ThreadPoolExecutor$Worker.run(ThreadPoolExecutor.java:628)
	at org.gradle.internal.concurrent.ThreadFactoryImpl$ManagedThreadRunnable.run(ThreadFactoryImpl.java:55)
	at java.base/java.lang.Thread.run(Thread.java:834)
Caused by: com.dropbox.core.InvalidAccessTokenException: {&quot;error_summary&quot;: &quot;invalid_access_token/...&quot;, &quot;error&quot;: {&quot;.tag&quot;: &quot;invalid_access_token&quot;}}
	at com.dropbox.core.DbxRequestUtil.unexpectedStatus(DbxRequestUtil.java:321)
	at com.dropbox.core.v2.DbxRawClientV2$1.execute(DbxRawClientV2.java:129)
	at com.dropbox.core.v2.DbxRawClientV2.executeRetriable(DbxRawClientV2.java:300)
	at com.dropbox.core.v2.DbxRawClientV2.rpcStyle(DbxRawClientV2.java:116)
	at com.dropbox.core.v2.files.DbxUserFilesRequests.createFolderV2(DbxUserFilesRequests.java:773)
	at com.dropbox.core.v2.files.DbxUserFilesRequests.createFolderV2(DbxUserFilesRequests.java:800)
	at com.jbettiol.ewddemo.dropbox.DropboxServiceImpl.lambda$createFolder$2(DropboxServiceImpl.java:47)
	at com.jbettiol.ewddemo.dropbox.DropboxServiceImpl.handleDropboxAction(DropboxServiceImpl.java:104)
	... 59 more
</failure>
[...]
	at org.gradle.internal.dispatch.ReflectionDispatch.dispatch(ReflectionDispatch.java:35)
	at org.gradle.internal.dispatch.ReflectionDispatch.dispatch(ReflectionDispatch.java:24)
	at org.gradle.internal.remote.internal.hub.MessageHubBackedObjectConnection$DispatchWrapper.dispatch(MessageHubBackedObjectConnection.java:155)
	at org.gradle.internal.remote.internal.hub.MessageHubBackedObjectConnection$DispatchWrapper.dispatch(MessageHubBackedObjectConnection.java:137)
	at org.gradle.internal.remote.internal.hub.MessageHub$Handler.run(MessageHub.java:404)
	at org.gradle.internal.concurrent.ExecutorPolicy$CatchAndRecordFailures.onExecute(ExecutorPolicy.java:63)
	at org.gradle.internal.concurrent.ManagedExecutorImpl$1.run(ManagedExecutorImpl.java:46)
	at java.base/java.util.concurrent.ThreadPoolExecutor.runWorker(ThreadPoolExecutor.java:1128)
	at java.base/java.util.concurrent.ThreadPoolExecutor$Worker.run(ThreadPoolExecutor.java:628)
	at org.gradle.internal.concurrent.ThreadFactoryImpl$ManagedThreadRunnable.run(ThreadFactoryImpl.java:55)
	at java.base/java.lang.Thread.run(Thread.java:834)
Caused by: com.dropbox.core.InvalidAccessTokenException: {&quot;error_summary&quot;: &quot;invalid_access_token/..&quot;, &quot;error&quot;: {&quot;.tag&quot;: &quot;invalid_access_token&quot;}}
	at com.dropbox.core.DbxRequestUtil.unexpectedStatus(DbxRequestUtil.java:321)
	at com.dropbox.core.v2.DbxRawClientV2$1.execute(DbxRawClientV2.java:129)
	at com.dropbox.core.v2.DbxRawClientV2.executeRetriable(DbxRawClientV2.java:300)
	at com.dropbox.core.v2.DbxRawClientV2.rpcStyle(DbxRawClientV2.java:116)
	at com.dropbox.core.v2.files.DbxUserFilesRequests.createFolderV2(DbxUserFilesRequests.java:773)
	at com.dropbox.core.v2.files.DbxUserFilesRequests.createFolderV2(DbxUserFilesRequests.java:800)
	at com.jbettiol.ewddemo.dropbox.DropboxServiceImpl.lambda$createFolder$2(DropboxServiceImpl.java:47)
	at com.jbettiol.ewddemo.dropbox.DropboxServiceImpl.handleDropboxAction(DropboxServiceImpl.java:104)
	... 58 more
</failure>
    <failure message="com.jbettiol.ewddemo.dropbox.exception.DropboxException: Error deleting folder: /Test Folder with cause: {&quot;error_summary&quot;: &quot;invalid_access_token/&quot;, &quot;error&quot;: {&quot;.tag&quot;: &quot;invalid_access_token&quot;}}" type="com.jbettiol.ewddemo.dropbox.exception.DropboxException">com.jbettiol.ewddemo.dropbox.exception.DropboxException: Error deleting folder: /Test Folder with cause: {&quot;error_summary&quot;: &quot;invalid_access_token/&quot;, &quot;error&quot;: {&quot;.tag&quot;: &quot;invalid_access_token&quot;}}
	at com.jbettiol.ewddemo.dropbox.DropboxServiceImpl.handleDropboxAction(DropboxServiceImpl.java:107)
	at com.jbettiol.ewddemo.dropbox.DropboxServiceImpl.deleteFolder(DropboxServiceImpl.java:83)
	at com.jbettiol.ewddemotest.dropbox.DropboxIntTest.deleteTestFolder(DropboxIntTest.java:74)
	at jdk.internal.reflect.GeneratedMethodAccessor38.invoke(Unknown Source)
	at java.base/jdk.internal.reflect.DelegatingMethodAccessorImpl.invoke(DelegatingMethodAccessorImpl.java:43)
	at java.base/java.lang.reflect.Method.invoke(Method.java:566)
	at org.junit.runners.model.FrameworkMethod$1.runReflectiveCall(FrameworkMethod.java:50)
	at org.junit.internal.runners.model.ReflectiveCallable.run(ReflectiveCallable.java:12)
	at org.junit.runners.model.FrameworkMethod.invokeExplosively(FrameworkMethod.java:47)
	at org.junit.internal.runners.statements.RunAfters.evaluate(RunAfters.java:33)
	at org.springframework.test.context.junit4.statements.RunAfterTestMethodCallbacks.evaluate(RunAfterTestMethodCallbacks.java:86)
	at org.junit.rules.ExpectedException$ExpectedExceptionStatement.evaluate(ExpectedException.java:239)
	at org.junit.rules.ExternalResource$1.evaluate(ExternalResource.java:48)
	at org.junit.rules.RunRules.evaluate(RunRules.java:20)
	at org.springframework.test.context.junit4.statements.SpringRepeat.evaluate(SpringRepeat.java:84)
	at org.junit.runners.ParentRunner.runLeaf(ParentRunner.java:325)
	at org.springframework.test.context.junit4.SpringJUnit4ClassRunner.runChild(SpringJUnit4ClassRunner.java:251)
	at org.springframework.test.context.junit4.SpringJUnit4ClassRunner.runChild(SpringJUnit4ClassRunner.java:97)
	at org.junit.runners.ParentRunner$3.run(ParentRunner.java:290)
	at org.junit.runners.ParentRunner$1.schedule(ParentRunner.java:71)
	at org.junit.runners.ParentRunner.runChildren(ParentRunner.java:288)
	at org.junit.runners.ParentRunner.access$000(ParentRunner.java:58)
	at org.junit.runners.ParentRunner$2.evaluate(ParentRunner.java:268)
	at org.springframework.test.context.junit4.statements.RunBeforeTestClassCallbacks.evaluate(RunBeforeTestClassCallbacks.java:61)
	at org.springframework.test.context.junit4.statements.RunAfterTestClassCallbacks.evaluate(RunAfterTestClassCallbacks.java:70)
	at org.junit.runners.ParentRunner.run(ParentRunner.java:363)
	at org.springframework.test.context.junit4.SpringJUnit4ClassRunner.run(SpringJUnit4ClassRunner.java:190)
	at org.gradle.api.internal.tasks.testing.junit.JUnitTestClassExecutor.runTestClass(JUnitTestClassExecutor.java:106)
	at org.gradle.api.internal.tasks.testing.junit.JUnitTestClassExecutor.execute(JUnitTestClassExecutor.java:58)
	at org.gradle.api.internal.tasks.testing.junit.JUnitTestClassExecutor.execute(JUnitTestClassExecutor.java:38)
	at org.gradle.api.internal.tasks.testing.junit.AbstractJUnitTestClassProcessor.processTestClass(AbstractJUnitTestClassProcessor.java:66)
	at org.gradle.api.internal.tasks.testing.SuiteTestClassProcessor.processTestClass(SuiteTestClassProcessor.java:51)
	at java.base/jdk.internal.reflect.NativeMethodAccessorImpl.invoke0(Native Method)
	at java.base/jdk.internal.reflect.NativeMethodAccessorImpl.invoke(NativeMethodAccessorImpl.java:62)
	at java.base/jdk.internal.reflect.DelegatingMethodAccessorImpl.invoke(DelegatingMethodAccessorImpl.java:43)
	at java.base/java.lang.reflect.Method.invoke(Method.java:566)
	at org.gradle.internal.dispatch.ReflectionDispatch.dispatch(ReflectionDispatch.java:35)
	at org.gradle.internal.dispatch.ReflectionDispatch.dispatch(ReflectionDispatch.java:24)
	at org.gradle.internal.dispatch.ContextClassLoaderDispatch.dispatch(ContextClassLoaderDispatch.java:32)
	at org.gradle.internal.dispatch.ProxyDispatchAdapter$DispatchingInvocationHandler.invoke(ProxyDispatchAdapter.java:93)
	at com.sun.proxy.$Proxy1.processTestClass(Unknown Source)
	at org.gradle.api.internal.tasks.testing.worker.TestWorker.processTestClass(TestWorker.java:109)
	at java.base/jdk.internal.reflect.NativeMethodAccessorImpl.invoke0(Native Method)
	at java.base/jdk.internal.reflect.NativeMethodAccessorImpl.invoke(NativeMethodAccessorImpl.java:62)
	at java.base/jdk.internal.reflect.DelegatingMethodAccessorImpl.invoke(DelegatingMethodAccessorImpl.java:43)
	at java.base/java.lang.reflect.Method.invoke(Method.java:566)
	at org.gradle.internal.dispatch.ReflectionDispatch.dispatch(ReflectionDispatch.java:35)
	at org.gradle.internal.dispatch.ReflectionDispatch.dispatch(ReflectionDispatch.java:24)
	at org.gradle.internal.remote.internal.hub.MessageHubBackedObjectConnection$DispatchWrapper.dispatch(MessageHubBackedObjectConnection.java:155)
	at org.gradle.internal.remote.internal.hub.MessageHubBackedObjectConnection$DispatchWrapper.dispatch(MessageHubBackedObjectConnection.java:137)
	at org.gradle.internal.remote.internal.hub.MessageHub$Handler.run(MessageHub.java:404)
	at org.gradle.internal.concurrent.ExecutorPolicy$CatchAndRecordFailures.onExecute(ExecutorPolicy.java:63)
	at org.gradle.internal.concurrent.ManagedExecutorImpl$1.run(ManagedExecutorImpl.java:46)
	at java.base/java.util.concurrent.ThreadPoolExecutor.runWorker(ThreadPoolExecutor.java:1128)
	at java.base/java.util.concurrent.ThreadPoolExecutor$Worker.run(ThreadPoolExecutor.java:628)
	at org.gradle.internal.concurrent.ThreadFactoryImpl$ManagedThreadRunnable.run(ThreadFactoryImpl.java:55)
	at java.base/java.lang.Thread.run(Thread.java:834)
Caused by: com.dropbox.core.InvalidAccessTokenException: {&quot;error_summary&quot;: &quot;invalid_access_token/&quot;, &quot;error&quot;: {&quot;.tag&quot;: &quot;invalid_access_token&quot;}}
	at com.dropbox.core.DbxRequestUtil.unexpectedStatus(DbxRequestUtil.java:321)
	at com.dropbox.core.v2.DbxRawClientV2$1.execute(DbxRawClientV2.java:129)
	at com.dropbox.core.v2.DbxRawClientV2.executeRetriable(DbxRawClientV2.java:300)
	at com.dropbox.core.v2.DbxRawClientV2.rpcStyle(DbxRawClientV2.java:116)
	at com.dropbox.core.v2.files.DbxUserFilesRequests.deleteV2(DbxUserFilesRequests.java:1016)
	at com.dropbox.core.v2.files.DbxUserFilesRequests.deleteV2(DbxUserFilesRequests.java:1045)
	at com.jbettiol.ewddemo.dropbox.DropboxServiceImpl.lambda$deleteFolder$5(DropboxServiceImpl.java:83)
	at com.jbettiol.ewddemo.dropbox.DropboxServiceImpl.handleDropboxAction(DropboxServiceImpl.java:104)
	... 56 more
</failure>
  </testcase>
  <system-out><![CDATA[
  .   ____          _            __ _ _
 /\\ / ___'_ __ _ _(_)_ __  __ _ \ \ \ \
( ( )\___ | '_ | '_| | '_ \/ _` | \ \ \ \
 \\/  ___)| |_)| | | | | || (_| |  ) ) ) )
  '  |____| .__|_| |_|_| |_\__, | / / / /
 =========|_|==============|___/=/_/_/_/
 :: Spring Boot ::        (v2.1.2.RELEASE)

2019-02-17 04:38:51.637  INFO 19684 --- [    Test worker] c.j.e.d.DropboxIntTest                   : Starting DropboxIntTest on WINDOWS-5PGF8ML with PID 19684 (started by john in C:\Users\john\git\challenges\jbettiol-ewd-test)
2019-02-17 04:38:51.645  INFO 19684 --- [    Test worker] c.j.e.d.DropboxIntTest                   : The following profiles are active: test
2019-02-17 04:38:52.710  INFO 19684 --- [    Test worker] o.a.s.c.SolrResourceLoader               : solr home defaulted to 'solr/' (could not find system property or JNDI)
2019-02-17 04:38:52.715  INFO 19684 --- [    Test worker] o.a.s.c.SolrXmlConfig                    : Loading container configuration from C:\Users\john\git\challenges\jbettiol-ewd-test\testdata\solr\solr.xml
2019-02-17 04:38:52.776  INFO 19684 --- [    Test worker] o.a.s.c.SolrXmlConfig                    : MBean server found: com.sun.jmx.mbeanserver.JmxMBeanServer@159c07f6, but no JMX reporters were configured - adding default JMX reporter.
2019-02-17 04:38:53.445  INFO 19684 --- [    Test worker] o.a.s.c.TransientSolrCoreCacheDefault    : Allocating transient cache for 2147483647 transient cores
2019-02-17 04:38:53.449  INFO 19684 --- [    Test worker] o.a.s.h.a.MetricsHistoryHandler          : No .system collection, keeping metrics history in memory.
2019-02-17 04:38:53.513  INFO 19684 --- [    Test worker] o.a.s.m.r.SolrJmxReporter                : JMX monitoring for 'solr.node' (registry 'solr.node') enabled at server: com.sun.jmx.mbeanserver.JmxMBeanServer@159c07f6
2019-02-17 04:38:53.514  INFO 19684 --- [    Test worker] o.a.s.m.r.SolrJmxReporter                : JMX monitoring for 'solr.jvm' (registry 'solr.jvm') enabled at server: com.sun.jmx.mbeanserver.JmxMBeanServer@159c07f6
2019-02-17 04:38:53.515  INFO 19684 --- [    Test worker] o.a.s.m.r.SolrJmxReporter                : JMX monitoring for 'solr.jetty' (registry 'solr.jetty') enabled at server: com.sun.jmx.mbeanserver.JmxMBeanServer@159c07f6
2019-02-17 04:38:53.529  INFO 19684 --- [    Test worker] o.a.s.c.CorePropertiesLocator            : Found 1 core definitions underneath C:\Users\john\git\challenges\jbettiol-ewd-test\testdata\solr
2019-02-17 04:38:53.529  INFO 19684 --- [    Test worker] o.a.s.c.CorePropertiesLocator            : Cores are: [collection]
2019-02-17 04:38:53.577  WARN 19684 --- [utor-9-thread-1] o.a.s.c.SolrConfig                       : Couldn't add files from C:\Users\john\git\challenges\jbettiol-ewd-test\testdata\solr\collection\..\..\..\..\contrib\extraction\lib filtered by .*\.jar to classpath: C:\Users\john\git\challenges\jbettiol-ewd-test\testdata\solr\collection\..\..\..\..\contrib\extraction\lib
2019-02-17 04:38:53.577  WARN 19684 --- [utor-9-thread-1] o.a.s.c.SolrConfig                       : Couldn't add files from C:\Users\john\git\challenges\jbettiol-ewd-test\testdata\solr\collection\..\..\..\..\dist filtered by solr-cell-\d.*\.jar to classpath: C:\Users\john\git\challenges\jbettiol-ewd-test\testdata\solr\collection\..\..\..\..\dist
2019-02-17 04:38:53.578  WARN 19684 --- [utor-9-thread-1] o.a.s.c.SolrConfig                       : Couldn't add files from C:\Users\john\git\challenges\jbettiol-ewd-test\testdata\solr\collection\..\..\..\..\contrib\clustering\lib filtered by .*\.jar to classpath: C:\Users\john\git\challenges\jbettiol-ewd-test\testdata\solr\collection\..\..\..\..\contrib\clustering\lib
2019-02-17 04:38:53.578  WARN 19684 --- [utor-9-thread-1] o.a.s.c.SolrConfig                       : Couldn't add files from C:\Users\john\git\challenges\jbettiol-ewd-test\testdata\solr\collection\..\..\..\..\dist filtered by solr-clustering-\d.*\.jar to classpath: C:\Users\john\git\challenges\jbettiol-ewd-test\testdata\solr\collection\..\..\..\..\dist
2019-02-17 04:38:53.578  WARN 19684 --- [utor-9-thread-1] o.a.s.c.SolrConfig                       : Couldn't add files from C:\Users\john\git\challenges\jbettiol-ewd-test\testdata\solr\collection\..\..\..\..\contrib\langid\lib filtered by .*\.jar to classpath: C:\Users\john\git\challenges\jbettiol-ewd-test\testdata\solr\collection\..\..\..\..\contrib\langid\lib
2019-02-17 04:38:53.578  WARN 19684 --- [utor-9-thread-1] o.a.s.c.SolrConfig                       : Couldn't add files from C:\Users\john\git\challenges\jbettiol-ewd-test\testdata\solr\collection\..\..\..\..\dist filtered by solr-langid-\d.*\.jar to classpath: C:\Users\john\git\challenges\jbettiol-ewd-test\testdata\solr\collection\..\..\..\..\dist
2019-02-17 04:38:53.580  WARN 19684 --- [utor-9-thread-1] o.a.s.c.SolrConfig                       : Couldn't add files from C:\Users\john\git\challenges\jbettiol-ewd-test\testdata\solr\collection\..\..\..\..\contrib\velocity\lib filtered by .*\.jar to classpath: C:\Users\john\git\challenges\jbettiol-ewd-test\testdata\solr\collection\..\..\..\..\contrib\velocity\lib
2019-02-17 04:38:53.580  WARN 19684 --- [utor-9-thread-1] o.a.s.c.SolrConfig                       : Couldn't add files from C:\Users\john\git\challenges\jbettiol-ewd-test\testdata\solr\collection\..\..\..\..\dist filtered by solr-velocity-\d.*\.jar to classpath: C:\Users\john\git\challenges\jbettiol-ewd-test\testdata\solr\collection\..\..\..\..\dist
2019-02-17 04:38:53.605  INFO 19684 --- [utor-9-thread-1] o.a.s.c.SolrConfig                       : Using Lucene MatchVersion: 7.6.0
2019-02-17 04:38:53.725  INFO 19684 --- [utor-9-thread-1] o.a.s.s.IndexSchema                      : [collection] Schema name=default-config
2019-02-17 04:38:54.083  INFO 19684 --- [utor-9-thread-1] o.a.s.s.IndexSchema                      : Loaded schema default-config/1.6 with uniqueid field id
2019-02-17 04:38:54.106  INFO 19684 --- [utor-9-thread-1] o.a.s.c.CoreContainer                    : Creating SolrCore 'collection' using configuration from instancedir C:\Users\john\git\challenges\jbettiol-ewd-test\testdata\solr\collection, trusted=true
2019-02-17 04:38:54.137  INFO 19684 --- [utor-9-thread-1] o.a.s.m.r.SolrJmxReporter                : JMX monitoring for 'solr.core.collection' (registry 'solr.core.collection') enabled at server: com.sun.jmx.mbeanserver.JmxMBeanServer@159c07f6
2019-02-17 04:38:54.146  INFO 19684 --- [utor-9-thread-1] o.a.s.c.SolrCore                         : solr.RecoveryStrategy.Builder
2019-02-17 04:38:54.153  INFO 19684 --- [utor-9-thread-1] o.a.s.c.SolrCore                         : [[collection] ] Opening new SolrCore at [C:\Users\john\git\challenges\jbettiol-ewd-test\testdata\solr\collection], dataDir=[C:\Users\john\git\challenges\jbettiol-ewd-test\testdata\solr\collection\data\]
2019-02-17 04:38:54.224  INFO 19684 --- [utor-9-thread-1] o.a.s.r.XSLTResponseWriter               : xsltCacheLifetimeSeconds=5
2019-02-17 04:38:54.615  INFO 19684 --- [utor-9-thread-1] o.a.s.u.UpdateHandler                    : Using UpdateLog implementation: org.apache.solr.update.UpdateLog
2019-02-17 04:38:54.616  INFO 19684 --- [utor-9-thread-1] o.a.s.u.UpdateLog                        : Initializing UpdateLog: dataDir= defaultSyncLevel=FLUSH numRecordsToKeep=100 maxNumLogsToKeep=10 numVersionBuckets=65536
2019-02-17 04:38:54.638  INFO 19684 --- [utor-9-thread-1] o.a.s.u.CommitTracker                    : Hard AutoCommit: if uncommited for 15000ms; 
2019-02-17 04:38:54.638  INFO 19684 --- [utor-9-thread-1] o.a.s.u.CommitTracker                    : Soft AutoCommit: disabled
2019-02-17 04:38:54.706  INFO 19684 --- [utor-9-thread-1] o.a.s.s.SolrIndexSearcher                : Opening [Searcher@4f3aa046[collection] main]
2019-02-17 04:38:54.715  INFO 19684 --- [utor-9-thread-1] o.a.s.r.ManagedResourceStorage           : File-based storage initialized to use dir: C:\Users\john\git\challenges\jbettiol-ewd-test\testdata\solr\collection\conf
2019-02-17 04:38:54.731  INFO 19684 --- [utor-9-thread-1] o.a.s.h.c.SpellCheckComponent            : Initializing spell checkers
2019-02-17 04:38:54.736  INFO 19684 --- [utor-9-thread-1] o.a.s.s.DirectSolrSpellChecker           : init: {name=default,field=_text_,classname=solr.DirectSolrSpellChecker,distanceMeasure=internal,accuracy=0.5,maxEdits=2,minPrefix=1,maxInspections=5,minQueryLength=4,maxQueryFrequency=0.01}
2019-02-17 04:38:54.744  INFO 19684 --- [utor-9-thread-1] o.a.s.h.ReplicationHandler               : Commits will be reserved for 10000ms.
2019-02-17 04:38:54.746  INFO 19684 --- [ng-x:collection] o.a.s.c.QuerySenderListener              : QuerySenderListener sending requests to Searcher@4f3aa046[collection] main{ExitableDirectoryReader(UninvertingDirectoryReader())}
2019-02-17 04:38:54.746  INFO 19684 --- [ng-x:collection] o.a.s.c.QuerySenderListener              : QuerySenderListener done.
2019-02-17 04:38:54.747  INFO 19684 --- [ng-x:collection] o.a.s.h.c.SpellCheckComponent            : Loading spell index for spellchecker: default
2019-02-17 04:38:54.749  INFO 19684 --- [ng-x:collection] o.a.s.c.SolrCore                         : [collection] Registered new searcher Searcher@4f3aa046[collection] main{ExitableDirectoryReader(UninvertingDirectoryReader())}
2019-02-17 04:38:54.756  WARN 19684 --- [ng-x:collection] o.a.s.u.UpdateLog                        : Starting log replay tlog{file=C:\Users\john\git\challenges\jbettiol-ewd-test\testdata\solr\collection\data\tlog\tlog.0000000000000003010 refcount=2} active=false starting pos=0 inSortedOrder=false
2019-02-17 04:38:54.800  INFO 19684 --- [ng-x:collection] o.a.s.u.DirectUpdateHandler2             : start commit{flags=2,optimize=false,openSearcher=true,waitSearcher=true,expungeDeletes=false,softCommit=false,prepareCommit=false}
2019-02-17 04:38:54.800  INFO 19684 --- [ng-x:collection] o.a.s.u.DirectUpdateHandler2             : No uncommitted changes. Skipping IW.commit.
2019-02-17 04:38:54.801  INFO 19684 --- [ng-x:collection] o.a.s.u.DirectUpdateHandler2             : end_commit_flush
2019-02-17 04:38:54.801  INFO 19684 --- [ng-x:collection] o.a.s.u.p.LogUpdateProcessorFactory      : [collection] {deleteByQuery=*:* (-1625685700571561984),deleteByQuery=*:* (-1625685700577853440),deleteByQuery=*:* (-1625685701331779584)} 0 45
2019-02-17 04:38:54.801  WARN 19684 --- [ng-x:collection] o.a.s.u.UpdateLog                        : Log replay finished. recoveryInfo=RecoveryInfo{adds=0 deletes=0 deleteByQuery=3 errors=0 positionOfStart=0}
2019-02-17 04:38:55.302  INFO 19684 --- [    Test worker] o.s.s.c.ThreadPoolTaskExecutor           : Initializing ExecutorService 'applicationTaskExecutor'
2019-02-17 04:38:55.698  INFO 19684 --- [    Test worker] c.j.e.d.DropboxIntTest                   : Started DropboxIntTest in 4.442 seconds (JVM running for 5.884)
]]></system-out>
  <system-err><![CDATA[]]></system-err>
</testsuite>
